Command line:
   tb_I2CMASTER_isim_beh.exe
     -simmode  gui
     -simrunnum  1
     -socket  63212

Thu Mar 23 17:13:24 2017


 Elaboration Time: 0.09375 sec

 Current Memory Usage: 841.753 Meg

 Total Signals          : 44
 Total Nets             : 63
 Total Signal Drivers   : 27
 Total Blocks           : 4
 Total Primitive Blocks : 3
 Total Processes        : 7
 Total Traceable Variables  : 14
 Total Scalar Nets and Variables : 554
Total Line Count : 249

 Total Simulation Time: 0.1875 sec

 Current Memory Usage: 684.466 Meg

Thu Mar 23 17:14:56 2017

