Command line:
   TbRam_isim_beh.exe
     -simmode  gui
     -simrunnum  0
     -socket  56996

Mon Mar 13 18:13:35 2017


 Elaboration Time: 0.078125 sec

 Current Memory Usage: 854.356 Meg

 Total Signals          : 228
 Total Nets             : 17377
 Total Signal Drivers   : 71
 Total Blocks           : 18
 Total Primitive Blocks : 10
 Total Processes        : 45
 Total Traceable Variables  : 238
 Total Scalar Nets and Variables : 18867
Total Line Count : 358

 Total Simulation Time: 0.484375 sec

 Current Memory Usage: 697.07 Meg

Mon Mar 13 18:16:18 2017

