Command line:
   TbRamChain_isim_beh.exe
     -simmode  gui
     -simrunnum  0
     -socket  60648

Mon Feb 06 16:00:46 2017


 Elaboration Time: 0.109375 sec

 Current Memory Usage: 854.843 Meg

 Total Signals          : 251
 Total Nets             : 17532
 Total Signal Drivers   : 79
 Total Blocks           : 19
 Total Primitive Blocks : 10
 Total Processes        : 45
 Total Traceable Variables  : 237
 Total Scalar Nets and Variables : 19021
Total Line Count : 396

 Total Simulation Time: 0.84375 sec

 Current Memory Usage: 697.557 Meg

Mon Feb 06 16:05:46 2017

