Command line:
   TbEnabler_isim_beh.exe
     -simmode  gui
     -simrunnum  0
     -socket  56954

Mon Mar 13 18:02:22 2017


 Elaboration Time: 0.0625 sec

 Current Memory Usage: 841.605 Meg

 Total Signals          : 13
 Total Nets             : 79
 Total Signal Drivers   : 6
 Total Blocks           : 3
 Total Primitive Blocks : 2
 Total Processes        : 4
 Total Traceable Variables  : 9
 Total Scalar Nets and Variables : 440
Total Line Count : 14

 Total Simulation Time: 0.234375 sec

 Current Memory Usage: 684.319 Meg

Mon Mar 13 18:03:51 2017

