Running: C:\Xilinx_ISE\14.7\ISE_DS\ISE\bin\nt\unwrapped\fuse.exe -intstyle ise -incremental -lib secureip -o C:/Users/Sylvain-Laptop/Desktop/MojoV3/ise_files/tb_I2CMASTER_isim_beh.exe -prj C:/Users/Sylvain-Laptop/Desktop/MojoV3/ise_files/tb_I2CMASTER_beh.prj work.tb_I2CMASTER 
ISim P.20131013 (signature 0x8ef4fb42)
Number of CPUs detected in this system: 4
Turning on mult-threading, number of parallel sub-compilation jobs: 8 
Determining compilation order of HDL files
Parsing VHDL file "C:/Users/Sylvain-Laptop/Desktop/MojoV3/ise_files/../i2C/i2cmaster.vhd" into library work
Parsing VHDL file "C:/Users/Sylvain-Laptop/Desktop/MojoV3/ise_files/tb_i2cMaster.vhd" into library work
Starting static elaboration
Completed static elaboration
Fuse Memory Usage: 193092 KB
Fuse CPU Usage: 343 ms
Compiling package standard
Compiling package std_logic_1164
Compiling package numeric_std
Compiling architecture rtl of entity I2CMASTER [i2cmaster_default]
Compiling architecture stimulus of entity tb_i2cmaster
Time Resolution for simulation is 1ps.
Compiled 6 VHDL Units
Built simulation executable C:/Users/Sylvain-Laptop/Desktop/MojoV3/ise_files/tb_I2CMASTER_isim_beh.exe
Fuse Memory Usage: 208484 KB
Fuse CPU Usage: 546 ms
