ISim log file
Running: C:\Users\CAO-PCB\Documents\MojoV3\ise_files\TbRam_isim_beh.exe -intstyle ise -gui -tclbatch isim.cmd -wdb C:/Users/CAO-PCB/Documents/MojoV3/ise_files/TbRam_isim_beh.wdb 
ISim P.20131013 (signature 0x7708f090)
WARNING: A WEBPACK license was found.
WARNING: Please use Xilinx License Configuration Manager to check out a full ISim license.
WARNING: ISim will run in Lite mode. Please refer to the ISim documentation for more information on the differences between the Lite and the Full version.
This is a Lite version of ISim.
Time resolution is 1 ps
# onerror resume
# wave add /
# run 1ms
Simulator is doing circuit initialization process.
Finished circuit initialization process.
at 5 ns(1), Instance /tbram/uut/U0/native_mem_map_module/mem_map_module/ : Warning: There is an 'U'|'X'|'W'|'Z'|'-' in an arithmetic operand, the result will be 'X'(es).
at 5 ns(1): Note: Block Memory Generator CORE Generator module is using a behavioral model FOR simulation which will not precisely model memory collision behavior. (/tbram/uut/U0/native_mem_map_module/mem_map_module/).
at 5 ns(1), Instance /tbram/uut/U0/native_mem_map_module/mem_map_module/ : Warning: CONV_INTEGER: There is an 'U'|'X'|'W'|'Z'|'-' in an arithmetic operand, and it has been converted to 0.
at 5 ns(1), Instance /tbram/uut/U0/native_mem_map_module/mem_map_module/ : Warning: CONV_INTEGER: There is an 'U'|'X'|'W'|'Z'|'-' in an arithmetic operand, and it has been converted to 0.
at 5 ns(1), Instance /tbram/uut/U0/native_mem_map_module/mem_map_module/ : Warning: CONV_INTEGER: There is an 'U'|'X'|'W'|'Z'|'-' in an arithmetic operand, and it has been converted to 0.
at 5 ns(1), Instance /tbram/uut/U0/native_mem_map_module/mem_map_module/ : Warning: CONV_INTEGER: There is an 'U'|'X'|'W'|'Z'|'-' in an arithmetic operand, and it has been converted to 0.
at 5 ns(1), Instance /tbram/uut/U0/native_mem_map_module/mem_map_module/ : Warning: CONV_INTEGER: There is an 'U'|'X'|'W'|'Z'|'-' in an arithmetic operand, and it has been converted to 0.
at 5 ns(1), Instance /tbram/uut/U0/native_mem_map_module/mem_map_module/ : Warning: CONV_INTEGER: There is an 'U'|'X'|'W'|'Z'|'-' in an arithmetic operand, and it has been converted to 0.
at 5 ns(1), Instance /tbram/uut/U0/native_mem_map_module/mem_map_module/ : Warning: CONV_INTEGER: There is an 'U'|'X'|'W'|'Z'|'-' in an arithmetic operand, and it has been converted to 0.
at 5 ns(1), Instance /tbram/uut/U0/native_mem_map_module/mem_map_module/ : Warning: CONV_INTEGER: There is an 'U'|'X'|'W'|'Z'|'-' in an arithmetic operand, and it has been converted to 0.
at 5 ns(1), Instance /tbram/uut/U0/native_mem_map_module/mem_map_module/ : Warning: CONV_INTEGER: There is an 'U'|'X'|'W'|'Z'|'-' in an arithmetic operand, and it has been converted to 0.
at 5 ns(1), Instance /tbram/uut/U0/native_mem_map_module/mem_map_module/ : Warning: CONV_INTEGER: There is an 'U'|'X'|'W'|'Z'|'-' in an arithmetic operand, and it has been converted to 0.
at 5 ns(1), Instance /tbram/uut/U0/native_mem_map_module/mem_map_module/ : Warning: blk_mem_gen_v7_3 WARNING: collision detected: A write address: XXXXXXXXX, B write address: XXXXXXXXX

at 15 ns(1), Instance /tbram/uut/U0/native_mem_map_module/mem_map_module/ : Warning: CONV_INTEGER: There is an 'U'|'X'|'W'|'Z'|'-' in an arithmetic operand, and it has been converted to 0.
at 15 ns(1), Instance /tbram/uut/U0/native_mem_map_module/mem_map_module/ : Warning: CONV_INTEGER: There is an 'U'|'X'|'W'|'Z'|'-' in an arithmetic operand, and it has been converted to 0.
at 15 ns(1), Instance /tbram/uut/U0/native_mem_map_module/mem_map_module/ : Warning: CONV_INTEGER: There is an 'U'|'X'|'W'|'Z'|'-' in an arithmetic operand, and it has been converted to 0.
at 15 ns(1), Instance /tbram/uut/U0/native_mem_map_module/mem_map_module/ : Warning: CONV_INTEGER: There is an 'U'|'X'|'W'|'Z'|'-' in an arithmetic operand, and it has been converted to 0.
at 15 ns(1), Instance /tbram/uut/U0/native_mem_map_module/mem_map_module/ : Warning: CONV_INTEGER: There is an 'U'|'X'|'W'|'Z'|'-' in an arithmetic operand, and it has been converted to 0.
at 15 ns(1), Instance /tbram/uut/U0/native_mem_map_module/mem_map_module/ : Warning: CONV_INTEGER: There is an 'U'|'X'|'W'|'Z'|'-' in an arithmetic operand, and it has been converted to 0.
at 15 ns(1), Instance /tbram/uut/U0/native_mem_map_module/mem_map_module/ : Warning: CONV_INTEGER: There is an 'U'|'X'|'W'|'Z'|'-' in an arithmetic operand, and it has been converted to 0.
at 15 ns(1), Instance /tbram/uut/U0/native_mem_map_module/mem_map_module/ : Warning: CONV_INTEGER: There is an 'U'|'X'|'W'|'Z'|'-' in an arithmetic operand, and it has been converted to 0.
at 15 ns(1), Instance /tbram/uut/U0/native_mem_map_module/mem_map_module/ : Warning: CONV_INTEGER: There is an 'U'|'X'|'W'|'Z'|'-' in an arithmetic operand, and it has been converted to 0.
at 15 ns(1), Instance /tbram/uut/U0/native_mem_map_module/mem_map_module/ : Warning: CONV_INTEGER: There is an 'U'|'X'|'W'|'Z'|'-' in an arithmetic operand, and it has been converted to 0.
at 15 ns(1), Instance /tbram/uut/U0/native_mem_map_module/mem_map_module/ : Warning: blk_mem_gen_v7_3 WARNING: collision detected: A write address: XXXXXXXXX, B write address: XXXXXXXXX

at 25 ns(1), Instance /tbram/uut/U0/native_mem_map_module/mem_map_module/ : Warning: CONV_INTEGER: There is an 'U'|'X'|'W'|'Z'|'-' in an arithmetic operand, and it has been converted to 0.
at 25 ns(1), Instance /tbram/uut/U0/native_mem_map_module/mem_map_module/ : Warning: CONV_INTEGER: There is an 'U'|'X'|'W'|'Z'|'-' in an arithmetic operand, and it has been converted to 0.
at 25 ns(1), Instance /tbram/uut/U0/native_mem_map_module/mem_map_module/ : Warning: CONV_INTEGER: There is an 'U'|'X'|'W'|'Z'|'-' in an arithmetic operand, and it has been converted to 0.
at 25 ns(1), Instance /tbram/uut/U0/native_mem_map_module/mem_map_module/ : Warning: CONV_INTEGER: There is an 'U'|'X'|'W'|'Z'|'-' in an arithmetic operand, and it has been converted to 0.
at 25 ns(1), Instance /tbram/uut/U0/native_mem_map_module/mem_map_module/ : Warning: CONV_INTEGER: There is an 'U'|'X'|'W'|'Z'|'-' in an arithmetic operand, and it has been converted to 0.
at 25 ns(1), Instance /tbram/uut/U0/native_mem_map_module/mem_map_module/ : Warning: CONV_INTEGER: There is an 'U'|'X'|'W'|'Z'|'-' in an arithmetic operand, and it has been converted to 0.
at 25 ns(1), Instance /tbram/uut/U0/native_mem_map_module/mem_map_module/ : Warning: CONV_INTEGER: There is an 'U'|'X'|'W'|'Z'|'-' in an arithmetic operand, and it has been converted to 0.
at 25 ns(1), Instance /tbram/uut/U0/native_mem_map_module/mem_map_module/ : Warning: CONV_INTEGER: There is an 'U'|'X'|'W'|'Z'|'-' in an arithmetic operand, and it has been converted to 0.
at 25 ns(1), Instance /tbram/uut/U0/native_mem_map_module/mem_map_module/ : Warning: CONV_INTEGER: There is an 'U'|'X'|'W'|'Z'|'-' in an arithmetic operand, and it has been converted to 0.
at 25 ns(1), Instance /tbram/uut/U0/native_mem_map_module/mem_map_module/ : Warning: CONV_INTEGER: There is an 'U'|'X'|'W'|'Z'|'-' in an arithmetic operand, and it has been converted to 0.
at 25 ns(1), Instance /tbram/uut/U0/native_mem_map_module/mem_map_module/ : Warning: blk_mem_gen_v7_3 WARNING: collision detected: A write address: XXXXXXXXX, B write address: XXXXXXXXX

at 35 ns(1), Instance /tbram/uut/U0/native_mem_map_module/mem_map_module/ : Warning: CONV_INTEGER: There is an 'U'|'X'|'W'|'Z'|'-' in an arithmetic operand, and it has been converted to 0.
at 35 ns(1), Instance /tbram/uut/U0/native_mem_map_module/mem_map_module/ : Warning: CONV_INTEGER: There is an 'U'|'X'|'W'|'Z'|'-' in an arithmetic operand, and it has been converted to 0.
at 35 ns(1), Instance /tbram/uut/U0/native_mem_map_module/mem_map_module/ : Warning: CONV_INTEGER: There is an 'U'|'X'|'W'|'Z'|'-' in an arithmetic operand, and it has been converted to 0.
at 35 ns(1), Instance /tbram/uut/U0/native_mem_map_module/mem_map_module/ : Warning: CONV_INTEGER: There is an 'U'|'X'|'W'|'Z'|'-' in an arithmetic operand, and it has been converted to 0.
at 35 ns(1), Instance /tbram/uut/U0/native_mem_map_module/mem_map_module/ : Warning: CONV_INTEGER: There is an 'U'|'X'|'W'|'Z'|'-' in an arithmetic operand, and it has been converted to 0.
at 35 ns(1), Instance /tbram/uut/U0/native_mem_map_module/mem_map_module/ : Warning: CONV_INTEGER: There is an 'U'|'X'|'W'|'Z'|'-' in an arithmetic operand, and it has been converted to 0.
at 35 ns(1), Instance /tbram/uut/U0/native_mem_map_module/mem_map_module/ : Warning: CONV_INTEGER: There is an 'U'|'X'|'W'|'Z'|'-' in an arithmetic operand, and it has been converted to 0.
at 35 ns(1), Instance /tbram/uut/U0/native_mem_map_module/mem_map_module/ : Warning: CONV_INTEGER: There is an 'U'|'X'|'W'|'Z'|'-' in an arithmetic operand, and it has been converted to 0.
at 35 ns(1), Instance /tbram/uut/U0/native_mem_map_module/mem_map_module/ : Warning: CONV_INTEGER: There is an 'U'|'X'|'W'|'Z'|'-' in an arithmetic operand, and it has been converted to 0.
at 35 ns(1), Instance /tbram/uut/U0/native_mem_map_module/mem_map_module/ : Warning: CONV_INTEGER: There is an 'U'|'X'|'W'|'Z'|'-' in an arithmetic operand, and it has been converted to 0.
at 35 ns(1), Instance /tbram/uut/U0/native_mem_map_module/mem_map_module/ : Warning: blk_mem_gen_v7_3 WARNING: collision detected: A write address: XXXXXXXXX, B write address: XXXXXXXXX

at 45 ns(1), Instance /tbram/uut/U0/native_mem_map_module/mem_map_module/ : Warning: CONV_INTEGER: There is an 'U'|'X'|'W'|'Z'|'-' in an arithmetic operand, and it has been converted to 0.
at 45 ns(1), Instance /tbram/uut/U0/native_mem_map_module/mem_map_module/ : Warning: CONV_INTEGER: There is an 'U'|'X'|'W'|'Z'|'-' in an arithmetic operand, and it has been converted to 0.
at 45 ns(1), Instance /tbram/uut/U0/native_mem_map_module/mem_map_module/ : Warning: CONV_INTEGER: There is an 'U'|'X'|'W'|'Z'|'-' in an arithmetic operand, and it has been converted to 0.
at 45 ns(1), Instance /tbram/uut/U0/native_mem_map_module/mem_map_module/ : Warning: CONV_INTEGER: There is an 'U'|'X'|'W'|'Z'|'-' in an arithmetic operand, and it has been converted to 0.
at 45 ns(1), Instance /tbram/uut/U0/native_mem_map_module/mem_map_module/ : Warning: CONV_INTEGER: There is an 'U'|'X'|'W'|'Z'|'-' in an arithmetic operand, and it has been converted to 0.
at 45 ns(1), Instance /tbram/uut/U0/native_mem_map_module/mem_map_module/ : Warning: CONV_INTEGER: There is an 'U'|'X'|'W'|'Z'|'-' in an arithmetic operand, and it has been converted to 0.
at 45 ns(1), Instance /tbram/uut/U0/native_mem_map_module/mem_map_module/ : Warning: CONV_INTEGER: There is an 'U'|'X'|'W'|'Z'|'-' in an arithmetic operand, and it has been converted to 0.
at 45 ns(1), Instance /tbram/uut/U0/native_mem_map_module/mem_map_module/ : Warning: CONV_INTEGER: There is an 'U'|'X'|'W'|'Z'|'-' in an arithmetic operand, and it has been converted to 0.
at 45 ns(1), Instance /tbram/uut/U0/native_mem_map_module/mem_map_module/ : Warning: CONV_INTEGER: There is an 'U'|'X'|'W'|'Z'|'-' in an arithmetic operand, and it has been converted to 0.
at 45 ns(1), Instance /tbram/uut/U0/native_mem_map_module/mem_map_module/ : Warning: CONV_INTEGER: There is an 'U'|'X'|'W'|'Z'|'-' in an arithmetic operand, and it has been converted to 0.
at 45 ns(1), Instance /tbram/uut/U0/native_mem_map_module/mem_map_module/ : Warning: blk_mem_gen_v7_3 WARNING: collision detected: A write address: XXXXXXXXX, B write address: XXXXXXXXX

at 55 ns(1), Instance /tbram/uut/U0/native_mem_map_module/mem_map_module/ : Warning: CONV_INTEGER: There is an 'U'|'X'|'W'|'Z'|'-' in an arithmetic operand, and it has been converted to 0.
at 55 ns(1), Instance /tbram/uut/U0/native_mem_map_module/mem_map_module/ : Warning: CONV_INTEGER: There is an 'U'|'X'|'W'|'Z'|'-' in an arithmetic operand, and it has been converted to 0.
at 55 ns(1), Instance /tbram/uut/U0/native_mem_map_module/mem_map_module/ : Warning: CONV_INTEGER: There is an 'U'|'X'|'W'|'Z'|'-' in an arithmetic operand, and it has been converted to 0.
at 55 ns(1), Instance /tbram/uut/U0/native_mem_map_module/mem_map_module/ : Warning: CONV_INTEGER: There is an 'U'|'X'|'W'|'Z'|'-' in an arithmetic operand, and it has been converted to 0.
at 55 ns(1), Instance /tbram/uut/U0/native_mem_map_module/mem_map_module/ : Warning: CONV_INTEGER: There is an 'U'|'X'|'W'|'Z'|'-' in an arithmetic operand, and it has been converted to 0.
at 55 ns(1), Instance /tbram/uut/U0/native_mem_map_module/mem_map_module/ : Warning: CONV_INTEGER: There is an 'U'|'X'|'W'|'Z'|'-' in an arithmetic operand, and it has been converted to 0.
at 55 ns(1), Instance /tbram/uut/U0/native_mem_map_module/mem_map_module/ : Warning: CONV_INTEGER: There is an 'U'|'X'|'W'|'Z'|'-' in an arithmetic operand, and it has been converted to 0.
at 55 ns(1), Instance /tbram/uut/U0/native_mem_map_module/mem_map_module/ : Warning: CONV_INTEGER: There is an 'U'|'X'|'W'|'Z'|'-' in an arithmetic operand, and it has been converted to 0.
at 55 ns(1), Instance /tbram/uut/U0/native_mem_map_module/mem_map_module/ : Warning: CONV_INTEGER: There is an 'U'|'X'|'W'|'Z'|'-' in an arithmetic operand, and it has been converted to 0.
at 55 ns(1), Instance /tbram/uut/U0/native_mem_map_module/mem_map_module/ : Warning: CONV_INTEGER: There is an 'U'|'X'|'W'|'Z'|'-' in an arithmetic operand, and it has been converted to 0.
at 55 ns(1), Instance /tbram/uut/U0/native_mem_map_module/mem_map_module/ : Warning: blk_mem_gen_v7_3 WARNING: collision detected: A write address: XXXXXXXXX, B write address: XXXXXXXXX

at 65 ns(1), Instance /tbram/uut/U0/native_mem_map_module/mem_map_module/ : Warning: CONV_INTEGER: There is an 'U'|'X'|'W'|'Z'|'-' in an arithmetic operand, and it has been converted to 0.
at 65 ns(1), Instance /tbram/uut/U0/native_mem_map_module/mem_map_module/ : Warning: CONV_INTEGER: There is an 'U'|'X'|'W'|'Z'|'-' in an arithmetic operand, and it has been converted to 0.
at 65 ns(1), Instance /tbram/uut/U0/native_mem_map_module/mem_map_module/ : Warning: CONV_INTEGER: There is an 'U'|'X'|'W'|'Z'|'-' in an arithmetic operand, and it has been converted to 0.
at 65 ns(1), Instance /tbram/uut/U0/native_mem_map_module/mem_map_module/ : Warning: CONV_INTEGER: There is an 'U'|'X'|'W'|'Z'|'-' in an arithmetic operand, and it has been converted to 0.
at 65 ns(1), Instance /tbram/uut/U0/native_mem_map_module/mem_map_module/ : Warning: CONV_INTEGER: There is an 'U'|'X'|'W'|'Z'|'-' in an arithmetic operand, and it has been converted to 0.
at 65 ns(1), Instance /tbram/uut/U0/native_mem_map_module/mem_map_module/ : Warning: CONV_INTEGER: There is an 'U'|'X'|'W'|'Z'|'-' in an arithmetic operand, and it has been converted to 0.
at 65 ns(1), Instance /tbram/uut/U0/native_mem_map_module/mem_map_module/ : Warning: CONV_INTEGER: There is an 'U'|'X'|'W'|'Z'|'-' in an arithmetic operand, and it has been converted to 0.
at 65 ns(1), Instance /tbram/uut/U0/native_mem_map_module/mem_map_module/ : Warning: CONV_INTEGER: There is an 'U'|'X'|'W'|'Z'|'-' in an arithmetic operand, and it has been converted to 0.
at 65 ns(1), Instance /tbram/uut/U0/native_mem_map_module/mem_map_module/ : Warning: CONV_INTEGER: There is an 'U'|'X'|'W'|'Z'|'-' in an arithmetic operand, and it has been converted to 0.
at 65 ns(1), Instance /tbram/uut/U0/native_mem_map_module/mem_map_module/ : Warning: CONV_INTEGER: There is an 'U'|'X'|'W'|'Z'|'-' in an arithmetic operand, and it has been converted to 0.
at 65 ns(1), Instance /tbram/uut/U0/native_mem_map_module/mem_map_module/ : Warning: blk_mem_gen_v7_3 WARNING: collision detected: A write address: XXXXXXXXX, B write address: XXXXXXXXX

at 75 ns(1), Instance /tbram/uut/U0/native_mem_map_module/mem_map_module/ : Warning: CONV_INTEGER: There is an 'U'|'X'|'W'|'Z'|'-' in an arithmetic operand, and it has been converted to 0.
at 75 ns(1), Instance /tbram/uut/U0/native_mem_map_module/mem_map_module/ : Warning: CONV_INTEGER: There is an 'U'|'X'|'W'|'Z'|'-' in an arithmetic operand, and it has been converted to 0.
at 75 ns(1), Instance /tbram/uut/U0/native_mem_map_module/mem_map_module/ : Warning: CONV_INTEGER: There is an 'U'|'X'|'W'|'Z'|'-' in an arithmetic operand, and it has been converted to 0.
at 75 ns(1), Instance /tbram/uut/U0/native_mem_map_module/mem_map_module/ : Warning: CONV_INTEGER: There is an 'U'|'X'|'W'|'Z'|'-' in an arithmetic operand, and it has been converted to 0.
at 75 ns(1), Instance /tbram/uut/U0/native_mem_map_module/mem_map_module/ : Warning: CONV_INTEGER: There is an 'U'|'X'|'W'|'Z'|'-' in an arithmetic operand, and it has been converted to 0.
at 75 ns(1), Instance /tbram/uut/U0/native_mem_map_module/mem_map_module/ : Warning: CONV_INTEGER: There is an 'U'|'X'|'W'|'Z'|'-' in an arithmetic operand, and it has been converted to 0.
at 75 ns(1), Instance /tbram/uut/U0/native_mem_map_module/mem_map_module/ : Warning: CONV_INTEGER: There is an 'U'|'X'|'W'|'Z'|'-' in an arithmetic operand, and it has been converted to 0.
at 75 ns(1), Instance /tbram/uut/U0/native_mem_map_module/mem_map_module/ : Warning: CONV_INTEGER: There is an 'U'|'X'|'W'|'Z'|'-' in an arithmetic operand, and it has been converted to 0.
at 75 ns(1), Instance /tbram/uut/U0/native_mem_map_module/mem_map_module/ : Warning: CONV_INTEGER: There is an 'U'|'X'|'W'|'Z'|'-' in an arithmetic operand, and it has been converted to 0.
at 75 ns(1), Instance /tbram/uut/U0/native_mem_map_module/mem_map_module/ : Warning: CONV_INTEGER: There is an 'U'|'X'|'W'|'Z'|'-' in an arithmetic operand, and it has been converted to 0.
at 75 ns(1), Instance /tbram/uut/U0/native_mem_map_module/mem_map_module/ : Warning: blk_mem_gen_v7_3 WARNING: collision detected: A write address: XXXXXXXXX, B write address: XXXXXXXXX

at 85 ns(1), Instance /tbram/uut/U0/native_mem_map_module/mem_map_module/ : Warning: CONV_INTEGER: There is an 'U'|'X'|'W'|'Z'|'-' in an arithmetic operand, and it has been converted to 0.
at 85 ns(1), Instance /tbram/uut/U0/native_mem_map_module/mem_map_module/ : Warning: CONV_INTEGER: There is an 'U'|'X'|'W'|'Z'|'-' in an arithmetic operand, and it has been converted to 0.
at 85 ns(1), Instance /tbram/uut/U0/native_mem_map_module/mem_map_module/ : Warning: CONV_INTEGER: There is an 'U'|'X'|'W'|'Z'|'-' in an arithmetic operand, and it has been converted to 0.
at 85 ns(1), Instance /tbram/uut/U0/native_mem_map_module/mem_map_module/ : Warning: CONV_INTEGER: There is an 'U'|'X'|'W'|'Z'|'-' in an arithmetic operand, and it has been converted to 0.
at 85 ns(1), Instance /tbram/uut/U0/native_mem_map_module/mem_map_module/ : Warning: CONV_INTEGER: There is an 'U'|'X'|'W'|'Z'|'-' in an arithmetic operand, and it has been converted to 0.
at 85 ns(1), Instance /tbram/uut/U0/native_mem_map_module/mem_map_module/ : Warning: CONV_INTEGER: There is an 'U'|'X'|'W'|'Z'|'-' in an arithmetic operand, and it has been converted to 0.
at 85 ns(1), Instance /tbram/uut/U0/native_mem_map_module/mem_map_module/ : Warning: CONV_INTEGER: There is an 'U'|'X'|'W'|'Z'|'-' in an arithmetic operand, and it has been converted to 0.
at 85 ns(1), Instance /tbram/uut/U0/native_mem_map_module/mem_map_module/ : Warning: CONV_INTEGER: There is an 'U'|'X'|'W'|'Z'|'-' in an arithmetic operand, and it has been converted to 0.
at 85 ns(1), Instance /tbram/uut/U0/native_mem_map_module/mem_map_module/ : Warning: CONV_INTEGER: There is an 'U'|'X'|'W'|'Z'|'-' in an arithmetic operand, and it has been converted to 0.
at 85 ns(1), Instance /tbram/uut/U0/native_mem_map_module/mem_map_module/ : Warning: CONV_INTEGER: There is an 'U'|'X'|'W'|'Z'|'-' in an arithmetic operand, and it has been converted to 0.
at 85 ns(1), Instance /tbram/uut/U0/native_mem_map_module/mem_map_module/ : Warning: blk_mem_gen_v7_3 WARNING: collision detected: A write address: XXXXXXXXX, B write address: XXXXXXXXX

at 95 ns(1), Instance /tbram/uut/U0/native_mem_map_module/mem_map_module/ : Warning: CONV_INTEGER: There is an 'U'|'X'|'W'|'Z'|'-' in an arithmetic operand, and it has been converted to 0.
at 95 ns(1), Instance /tbram/uut/U0/native_mem_map_module/mem_map_module/ : Warning: CONV_INTEGER: There is an 'U'|'X'|'W'|'Z'|'-' in an arithmetic operand, and it has been converted to 0.
at 95 ns(1), Instance /tbram/uut/U0/native_mem_map_module/mem_map_module/ : Warning: CONV_INTEGER: There is an 'U'|'X'|'W'|'Z'|'-' in an arithmetic operand, and it has been converted to 0.
at 95 ns(1), Instance /tbram/uut/U0/native_mem_map_module/mem_map_module/ : Warning: CONV_INTEGER: There is an 'U'|'X'|'W'|'Z'|'-' in an arithmetic operand, and it has been converted to 0.
at 95 ns(1), Instance /tbram/uut/U0/native_mem_map_module/mem_map_module/ : Warning: CONV_INTEGER: There is an 'U'|'X'|'W'|'Z'|'-' in an arithmetic operand, and it has been converted to 0.
at 95 ns(1), Instance /tbram/uut/U0/native_mem_map_module/mem_map_module/ : Warning: CONV_INTEGER: There is an 'U'|'X'|'W'|'Z'|'-' in an arithmetic operand, and it has been converted to 0.
at 95 ns(1), Instance /tbram/uut/U0/native_mem_map_module/mem_map_module/ : Warning: CONV_INTEGER: There is an 'U'|'X'|'W'|'Z'|'-' in an arithmetic operand, and it has been converted to 0.
at 95 ns(1), Instance /tbram/uut/U0/native_mem_map_module/mem_map_module/ : Warning: CONV_INTEGER: There is an 'U'|'X'|'W'|'Z'|'-' in an arithmetic operand, and it has been converted to 0.
at 95 ns(1), Instance /tbram/uut/U0/native_mem_map_module/mem_map_module/ : Warning: CONV_INTEGER: There is an 'U'|'X'|'W'|'Z'|'-' in an arithmetic operand, and it has been converted to 0.
at 95 ns(1), Instance /tbram/uut/U0/native_mem_map_module/mem_map_module/ : Warning: CONV_INTEGER: There is an 'U'|'X'|'W'|'Z'|'-' in an arithmetic operand, and it has been converted to 0.
at 95 ns(1), Instance /tbram/uut/U0/native_mem_map_module/mem_map_module/ : Warning: blk_mem_gen_v7_3 WARNING: collision detected: A write address: XXXXXXXXX, B write address: XXXXXXXXX

at 105 ns(1), Instance /tbram/uut/U0/native_mem_map_module/mem_map_module/ : Warning: CONV_INTEGER: There is an 'U'|'X'|'W'|'Z'|'-' in an arithmetic operand, and it has been converted to 0.
at 105 ns(1), Instance /tbram/uut/U0/native_mem_map_module/mem_map_module/ : Warning: CONV_INTEGER: There is an 'U'|'X'|'W'|'Z'|'-' in an arithmetic operand, and it has been converted to 0.
at 105 ns(1), Instance /tbram/uut/U0/native_mem_map_module/mem_map_module/ : Warning: CONV_INTEGER: There is an 'U'|'X'|'W'|'Z'|'-' in an arithmetic operand, and it has been converted to 0.
at 105 ns(1), Instance /tbram/uut/U0/native_mem_map_module/mem_map_module/ : Warning: CONV_INTEGER: There is an 'U'|'X'|'W'|'Z'|'-' in an arithmetic operand, and it has been converted to 0.
at 105 ns(1), Instance /tbram/uut/U0/native_mem_map_module/mem_map_module/ : Warning: CONV_INTEGER: There is an 'U'|'X'|'W'|'Z'|'-' in an arithmetic operand, and it has been converted to 0.
at 105 ns(1), Instance /tbram/uut/U0/native_mem_map_module/mem_map_module/ : Warning: CONV_INTEGER: There is an 'U'|'X'|'W'|'Z'|'-' in an arithmetic operand, and it has been converted to 0.
at 105 ns(1), Instance /tbram/uut/U0/native_mem_map_module/mem_map_module/ : Warning: CONV_INTEGER: There is an 'U'|'X'|'W'|'Z'|'-' in an arithmetic operand, and it has been converted to 0.
at 105 ns(1), Instance /tbram/uut/U0/native_mem_map_module/mem_map_module/ : Warning: CONV_INTEGER: There is an 'U'|'X'|'W'|'Z'|'-' in an arithmetic operand, and it has been converted to 0.
at 105 ns(1), Instance /tbram/uut/U0/native_mem_map_module/mem_map_module/ : Warning: CONV_INTEGER: There is an 'U'|'X'|'W'|'Z'|'-' in an arithmetic operand, and it has been converted to 0.
at 105 ns(1), Instance /tbram/uut/U0/native_mem_map_module/mem_map_module/ : Warning: CONV_INTEGER: There is an 'U'|'X'|'W'|'Z'|'-' in an arithmetic operand, and it has been converted to 0.
at 105 ns(1), Instance /tbram/uut/U0/native_mem_map_module/mem_map_module/ : Warning: blk_mem_gen_v7_3 WARNING: collision detected: A write address: XXXXXXXXX, B write address: XXXXXXXXX

at 115 ns(1), Instance /tbram/uut/U0/native_mem_map_module/mem_map_module/ : Warning: CONV_INTEGER: There is an 'U'|'X'|'W'|'Z'|'-' in an arithmetic operand, and it has been converted to 0.
at 115 ns(1), Instance /tbram/uut/U0/native_mem_map_module/mem_map_module/ : Warning: CONV_INTEGER: There is an 'U'|'X'|'W'|'Z'|'-' in an arithmetic operand, and it has been converted to 0.
at 115 ns(1), Instance /tbram/uut/U0/native_mem_map_module/mem_map_module/ : Warning: CONV_INTEGER: There is an 'U'|'X'|'W'|'Z'|'-' in an arithmetic operand, and it has been converted to 0.
at 115 ns(1), Instance /tbram/uut/U0/native_mem_map_module/mem_map_module/ : Warning: CONV_INTEGER: There is an 'U'|'X'|'W'|'Z'|'-' in an arithmetic operand, and it has been converted to 0.
at 115 ns(1), Instance /tbram/uut/U0/native_mem_map_module/mem_map_module/ : Warning: CONV_INTEGER: There is an 'U'|'X'|'W'|'Z'|'-' in an arithmetic operand, and it has been converted to 0.
at 115 ns(1), Instance /tbram/uut/U0/native_mem_map_module/mem_map_module/ : Warning: CONV_INTEGER: There is an 'U'|'X'|'W'|'Z'|'-' in an arithmetic operand, and it has been converted to 0.
at 115 ns(1), Instance /tbram/uut/U0/native_mem_map_module/mem_map_module/ : Warning: CONV_INTEGER: There is an 'U'|'X'|'W'|'Z'|'-' in an arithmetic operand, and it has been converted to 0.
at 115 ns(1), Instance /tbram/uut/U0/native_mem_map_module/mem_map_module/ : Warning: CONV_INTEGER: There is an 'U'|'X'|'W'|'Z'|'-' in an arithmetic operand, and it has been converted to 0.
at 115 ns(1), Instance /tbram/uut/U0/native_mem_map_module/mem_map_module/ : Warning: CONV_INTEGER: There is an 'U'|'X'|'W'|'Z'|'-' in an arithmetic operand, and it has been converted to 0.
at 115 ns(1), Instance /tbram/uut/U0/native_mem_map_module/mem_map_module/ : Warning: CONV_INTEGER: There is an 'U'|'X'|'W'|'Z'|'-' in an arithmetic operand, and it has been converted to 0.
at 115 ns(1), Instance /tbram/uut/U0/native_mem_map_module/mem_map_module/ : Warning: blk_mem_gen_v7_3 WARNING: collision detected: A write address: XXXXXXXXX, B write address: XXXXXXXXX

at 125 ns(1), Instance /tbram/uut/U0/native_mem_map_module/mem_map_module/ : Warning: CONV_INTEGER: There is an 'U'|'X'|'W'|'Z'|'-' in an arithmetic operand, and it has been converted to 0.
at 125 ns(1), Instance /tbram/uut/U0/native_mem_map_module/mem_map_module/ : Warning: CONV_INTEGER: There is an 'U'|'X'|'W'|'Z'|'-' in an arithmetic operand, and it has been converted to 0.
at 125 ns(1), Instance /tbram/uut/U0/native_mem_map_module/mem_map_module/ : Warning: CONV_INTEGER: There is an 'U'|'X'|'W'|'Z'|'-' in an arithmetic operand, and it has been converted to 0.
at 125 ns(1), Instance /tbram/uut/U0/native_mem_map_module/mem_map_module/ : Warning: CONV_INTEGER: There is an 'U'|'X'|'W'|'Z'|'-' in an arithmetic operand, and it has been converted to 0.
at 125 ns(1), Instance /tbram/uut/U0/native_mem_map_module/mem_map_module/ : Warning: CONV_INTEGER: There is an 'U'|'X'|'W'|'Z'|'-' in an arithmetic operand, and it has been converted to 0.
at 125 ns(1), Instance /tbram/uut/U0/native_mem_map_module/mem_map_module/ : Warning: CONV_INTEGER: There is an 'U'|'X'|'W'|'Z'|'-' in an arithmetic operand, and it has been converted to 0.
at 125 ns(1), Instance /tbram/uut/U0/native_mem_map_module/mem_map_module/ : Warning: CONV_INTEGER: There is an 'U'|'X'|'W'|'Z'|'-' in an arithmetic operand, and it has been converted to 0.
at 125 ns(1), Instance /tbram/uut/U0/native_mem_map_module/mem_map_module/ : Warning: CONV_INTEGER: There is an 'U'|'X'|'W'|'Z'|'-' in an arithmetic operand, and it has been converted to 0.
at 125 ns(1), Instance /tbram/uut/U0/native_mem_map_module/mem_map_module/ : Warning: CONV_INTEGER: There is an 'U'|'X'|'W'|'Z'|'-' in an arithmetic operand, and it has been converted to 0.
at 125 ns(1), Instance /tbram/uut/U0/native_mem_map_module/mem_map_module/ : Warning: CONV_INTEGER: There is an 'U'|'X'|'W'|'Z'|'-' in an arithmetic operand, and it has been converted to 0.
at 125 ns(1), Instance /tbram/uut/U0/native_mem_map_module/mem_map_module/ : Warning: blk_mem_gen_v7_3 WARNING: collision detected: A write address: XXXXXXXXX, B write address: XXXXXXXXX

at 135 ns(1), Instance /tbram/uut/U0/native_mem_map_module/mem_map_module/ : Warning: CONV_INTEGER: There is an 'U'|'X'|'W'|'Z'|'-' in an arithmetic operand, and it has been converted to 0.
at 135 ns(1), Instance /tbram/uut/U0/native_mem_map_module/mem_map_module/ : Warning: CONV_INTEGER: There is an 'U'|'X'|'W'|'Z'|'-' in an arithmetic operand, and it has been converted to 0.
at 135 ns(1), Instance /tbram/uut/U0/native_mem_map_module/mem_map_module/ : Warning: CONV_INTEGER: There is an 'U'|'X'|'W'|'Z'|'-' in an arithmetic operand, and it has been converted to 0.
at 135 ns(1), Instance /tbram/uut/U0/native_mem_map_module/mem_map_module/ : Warning: CONV_INTEGER: There is an 'U'|'X'|'W'|'Z'|'-' in an arithmetic operand, and it has been converted to 0.
at 135 ns(1), Instance /tbram/uut/U0/native_mem_map_module/mem_map_module/ : Warning: CONV_INTEGER: There is an 'U'|'X'|'W'|'Z'|'-' in an arithmetic operand, and it has been converted to 0.
at 135 ns(1), Instance /tbram/uut/U0/native_mem_map_module/mem_map_module/ : Warning: CONV_INTEGER: There is an 'U'|'X'|'W'|'Z'|'-' in an arithmetic operand, and it has been converted to 0.
at 135 ns(1), Instance /tbram/uut/U0/native_mem_map_module/mem_map_module/ : Warning: CONV_INTEGER: There is an 'U'|'X'|'W'|'Z'|'-' in an arithmetic operand, and it has been converted to 0.
at 135 ns(1), Instance /tbram/uut/U0/native_mem_map_module/mem_map_module/ : Warning: CONV_INTEGER: There is an 'U'|'X'|'W'|'Z'|'-' in an arithmetic operand, and it has been converted to 0.
at 135 ns(1), Instance /tbram/uut/U0/native_mem_map_module/mem_map_module/ : Warning: CONV_INTEGER: There is an 'U'|'X'|'W'|'Z'|'-' in an arithmetic operand, and it has been converted to 0.
at 135 ns(1), Instance /tbram/uut/U0/native_mem_map_module/mem_map_module/ : Warning: CONV_INTEGER: There is an 'U'|'X'|'W'|'Z'|'-' in an arithmetic operand, and it has been converted to 0.
at 135 ns(1), Instance /tbram/uut/U0/native_mem_map_module/mem_map_module/ : Warning: blk_mem_gen_v7_3 WARNING: collision detected: A write address: XXXXXXXXX, B write address: XXXXXXXXX

at 145 ns(1), Instance /tbram/uut/U0/native_mem_map_module/mem_map_module/ : Warning: CONV_INTEGER: There is an 'U'|'X'|'W'|'Z'|'-' in an arithmetic operand, and it has been converted to 0.
at 145 ns(1), Instance /tbram/uut/U0/native_mem_map_module/mem_map_module/ : Warning: CONV_INTEGER: There is an 'U'|'X'|'W'|'Z'|'-' in an arithmetic operand, and it has been converted to 0.
at 145 ns(1), Instance /tbram/uut/U0/native_mem_map_module/mem_map_module/ : Warning: CONV_INTEGER: There is an 'U'|'X'|'W'|'Z'|'-' in an arithmetic operand, and it has been converted to 0.
at 145 ns(1), Instance /tbram/uut/U0/native_mem_map_module/mem_map_module/ : Warning: CONV_INTEGER: There is an 'U'|'X'|'W'|'Z'|'-' in an arithmetic operand, and it has been converted to 0.
at 145 ns(1), Instance /tbram/uut/U0/native_mem_map_module/mem_map_module/ : Warning: CONV_INTEGER: There is an 'U'|'X'|'W'|'Z'|'-' in an arithmetic operand, and it has been converted to 0.
at 145 ns(1), Instance /tbram/uut/U0/native_mem_map_module/mem_map_module/ : Warning: CONV_INTEGER: There is an 'U'|'X'|'W'|'Z'|'-' in an arithmetic operand, and it has been converted to 0.
at 145 ns(1), Instance /tbram/uut/U0/native_mem_map_module/mem_map_module/ : Warning: CONV_INTEGER: There is an 'U'|'X'|'W'|'Z'|'-' in an arithmetic operand, and it has been converted to 0.
at 145 ns(1), Instance /tbram/uut/U0/native_mem_map_module/mem_map_module/ : Warning: CONV_INTEGER: There is an 'U'|'X'|'W'|'Z'|'-' in an arithmetic operand, and it has been converted to 0.
at 145 ns(1), Instance /tbram/uut/U0/native_mem_map_module/mem_map_module/ : Warning: CONV_INTEGER: There is an 'U'|'X'|'W'|'Z'|'-' in an arithmetic operand, and it has been converted to 0.
at 145 ns(1), Instance /tbram/uut/U0/native_mem_map_module/mem_map_module/ : Warning: CONV_INTEGER: There is an 'U'|'X'|'W'|'Z'|'-' in an arithmetic operand, and it has been converted to 0.
at 145 ns(1), Instance /tbram/uut/U0/native_mem_map_module/mem_map_module/ : Warning: blk_mem_gen_v7_3 WARNING: collision detected: A write address: XXXXXXXXX, B write address: XXXXXXXXX

at 155 ns(1), Instance /tbram/uut/U0/native_mem_map_module/mem_map_module/ : Warning: CONV_INTEGER: There is an 'U'|'X'|'W'|'Z'|'-' in an arithmetic operand, and it has been converted to 0.
at 155 ns(1), Instance /tbram/uut/U0/native_mem_map_module/mem_map_module/ : Warning: CONV_INTEGER: There is an 'U'|'X'|'W'|'Z'|'-' in an arithmetic operand, and it has been converted to 0.
at 155 ns(1), Instance /tbram/uut/U0/native_mem_map_module/mem_map_module/ : Warning: CONV_INTEGER: There is an 'U'|'X'|'W'|'Z'|'-' in an arithmetic operand, and it has been converted to 0.
at 155 ns(1), Instance /tbram/uut/U0/native_mem_map_module/mem_map_module/ : Warning: CONV_INTEGER: There is an 'U'|'X'|'W'|'Z'|'-' in an arithmetic operand, and it has been converted to 0.
at 155 ns(1), Instance /tbram/uut/U0/native_mem_map_module/mem_map_module/ : Warning: CONV_INTEGER: There is an 'U'|'X'|'W'|'Z'|'-' in an arithmetic operand, and it has been converted to 0.
at 155 ns(1), Instance /tbram/uut/U0/native_mem_map_module/mem_map_module/ : Warning: CONV_INTEGER: There is an 'U'|'X'|'W'|'Z'|'-' in an arithmetic operand, and it has been converted to 0.
at 155 ns(1), Instance /tbram/uut/U0/native_mem_map_module/mem_map_module/ : Warning: CONV_INTEGER: There is an 'U'|'X'|'W'|'Z'|'-' in an arithmetic operand, and it has been converted to 0.
at 155 ns(1), Instance /tbram/uut/U0/native_mem_map_module/mem_map_module/ : Warning: CONV_INTEGER: There is an 'U'|'X'|'W'|'Z'|'-' in an arithmetic operand, and it has been converted to 0.
at 155 ns(1), Instance /tbram/uut/U0/native_mem_map_module/mem_map_module/ : Warning: CONV_INTEGER: There is an 'U'|'X'|'W'|'Z'|'-' in an arithmetic operand, and it has been converted to 0.
at 155 ns(1), Instance /tbram/uut/U0/native_mem_map_module/mem_map_module/ : Warning: CONV_INTEGER: There is an 'U'|'X'|'W'|'Z'|'-' in an arithmetic operand, and it has been converted to 0.
at 155 ns(1), Instance /tbram/uut/U0/native_mem_map_module/mem_map_module/ : Warning: blk_mem_gen_v7_3 WARNING: collision detected: A write address: XXXXXXXXX, B write address: XXXXXXXXX

at 165 ns(1), Instance /tbram/uut/U0/native_mem_map_module/mem_map_module/ : Warning: CONV_INTEGER: There is an 'U'|'X'|'W'|'Z'|'-' in an arithmetic operand, and it has been converted to 0.
at 165 ns(1), Instance /tbram/uut/U0/native_mem_map_module/mem_map_module/ : Warning: CONV_INTEGER: There is an 'U'|'X'|'W'|'Z'|'-' in an arithmetic operand, and it has been converted to 0.
at 165 ns(1), Instance /tbram/uut/U0/native_mem_map_module/mem_map_module/ : Warning: CONV_INTEGER: There is an 'U'|'X'|'W'|'Z'|'-' in an arithmetic operand, and it has been converted to 0.
at 165 ns(1), Instance /tbram/uut/U0/native_mem_map_module/mem_map_module/ : Warning: CONV_INTEGER: There is an 'U'|'X'|'W'|'Z'|'-' in an arithmetic operand, and it has been converted to 0.
at 165 ns(1), Instance /tbram/uut/U0/native_mem_map_module/mem_map_module/ : Warning: CONV_INTEGER: There is an 'U'|'X'|'W'|'Z'|'-' in an arithmetic operand, and it has been converted to 0.
at 165 ns(1), Instance /tbram/uut/U0/native_mem_map_module/mem_map_module/ : Warning: CONV_INTEGER: There is an 'U'|'X'|'W'|'Z'|'-' in an arithmetic operand, and it has been converted to 0.
at 165 ns(1), Instance /tbram/uut/U0/native_mem_map_module/mem_map_module/ : Warning: CONV_INTEGER: There is an 'U'|'X'|'W'|'Z'|'-' in an arithmetic operand, and it has been converted to 0.
at 165 ns(1), Instance /tbram/uut/U0/native_mem_map_module/mem_map_module/ : Warning: CONV_INTEGER: There is an 'U'|'X'|'W'|'Z'|'-' in an arithmetic operand, and it has been converted to 0.
at 165 ns(1), Instance /tbram/uut/U0/native_mem_map_module/mem_map_module/ : Warning: CONV_INTEGER: There is an 'U'|'X'|'W'|'Z'|'-' in an arithmetic operand, and it has been converted to 0.
at 165 ns(1), Instance /tbram/uut/U0/native_mem_map_module/mem_map_module/ : Warning: CONV_INTEGER: There is an 'U'|'X'|'W'|'Z'|'-' in an arithmetic operand, and it has been converted to 0.
at 165 ns(1), Instance /tbram/uut/U0/native_mem_map_module/mem_map_module/ : Warning: blk_mem_gen_v7_3 WARNING: collision detected: A write address: XXXXXXXXX, B write address: XXXXXXXXX

at 175 ns(1), Instance /tbram/uut/U0/native_mem_map_module/mem_map_module/ : Warning: CONV_INTEGER: There is an 'U'|'X'|'W'|'Z'|'-' in an arithmetic operand, and it has been converted to 0.
at 175 ns(1), Instance /tbram/uut/U0/native_mem_map_module/mem_map_module/ : Warning: CONV_INTEGER: There is an 'U'|'X'|'W'|'Z'|'-' in an arithmetic operand, and it has been converted to 0.
at 175 ns(1), Instance /tbram/uut/U0/native_mem_map_module/mem_map_module/ : Warning: CONV_INTEGER: There is an 'U'|'X'|'W'|'Z'|'-' in an arithmetic operand, and it has been converted to 0.
at 175 ns(1), Instance /tbram/uut/U0/native_mem_map_module/mem_map_module/ : Warning: CONV_INTEGER: There is an 'U'|'X'|'W'|'Z'|'-' in an arithmetic operand, and it has been converted to 0.
at 175 ns(1), Instance /tbram/uut/U0/native_mem_map_module/mem_map_module/ : Warning: CONV_INTEGER: There is an 'U'|'X'|'W'|'Z'|'-' in an arithmetic operand, and it has been converted to 0.
at 175 ns(1), Instance /tbram/uut/U0/native_mem_map_module/mem_map_module/ : Warning: CONV_INTEGER: There is an 'U'|'X'|'W'|'Z'|'-' in an arithmetic operand, and it has been converted to 0.
at 175 ns(1), Instance /tbram/uut/U0/native_mem_map_module/mem_map_module/ : Warning: CONV_INTEGER: There is an 'U'|'X'|'W'|'Z'|'-' in an arithmetic operand, and it has been converted to 0.
at 175 ns(1), Instance /tbram/uut/U0/native_mem_map_module/mem_map_module/ : Warning: CONV_INTEGER: There is an 'U'|'X'|'W'|'Z'|'-' in an arithmetic operand, and it has been converted to 0.
at 175 ns(1), Instance /tbram/uut/U0/native_mem_map_module/mem_map_module/ : Warning: CONV_INTEGER: There is an 'U'|'X'|'W'|'Z'|'-' in an arithmetic operand, and it has been converted to 0.
at 175 ns(1), Instance /tbram/uut/U0/native_mem_map_module/mem_map_module/ : Warning: CONV_INTEGER: There is an 'U'|'X'|'W'|'Z'|'-' in an arithmetic operand, and it has been converted to 0.
at 175 ns(1), Instance /tbram/uut/U0/native_mem_map_module/mem_map_module/ : Warning: blk_mem_gen_v7_3 WARNING: collision detected: A write address: XXXXXXXXX, B write address: XXXXXXXXX

at 185 ns(1), Instance /tbram/uut/U0/native_mem_map_module/mem_map_module/ : Warning: CONV_INTEGER: There is an 'U'|'X'|'W'|'Z'|'-' in an arithmetic operand, and it has been converted to 0.
at 185 ns(1), Instance /tbram/uut/U0/native_mem_map_module/mem_map_module/ : Warning: CONV_INTEGER: There is an 'U'|'X'|'W'|'Z'|'-' in an arithmetic operand, and it has been converted to 0.
at 185 ns(1), Instance /tbram/uut/U0/native_mem_map_module/mem_map_module/ : Warning: CONV_INTEGER: There is an 'U'|'X'|'W'|'Z'|'-' in an arithmetic operand, and it has been converted to 0.
at 185 ns(1), Instance /tbram/uut/U0/native_mem_map_module/mem_map_module/ : Warning: CONV_INTEGER: There is an 'U'|'X'|'W'|'Z'|'-' in an arithmetic operand, and it has been converted to 0.
at 185 ns(1), Instance /tbram/uut/U0/native_mem_map_module/mem_map_module/ : Warning: CONV_INTEGER: There is an 'U'|'X'|'W'|'Z'|'-' in an arithmetic operand, and it has been converted to 0.
at 185 ns(1), Instance /tbram/uut/U0/native_mem_map_module/mem_map_module/ : Warning: CONV_INTEGER: There is an 'U'|'X'|'W'|'Z'|'-' in an arithmetic operand, and it has been converted to 0.
at 185 ns(1), Instance /tbram/uut/U0/native_mem_map_module/mem_map_module/ : Warning: CONV_INTEGER: There is an 'U'|'X'|'W'|'Z'|'-' in an arithmetic operand, and it has been converted to 0.
at 185 ns(1), Instance /tbram/uut/U0/native_mem_map_module/mem_map_module/ : Warning: CONV_INTEGER: There is an 'U'|'X'|'W'|'Z'|'-' in an arithmetic operand, and it has been converted to 0.
at 185 ns(1), Instance /tbram/uut/U0/native_mem_map_module/mem_map_module/ : Warning: CONV_INTEGER: There is an 'U'|'X'|'W'|'Z'|'-' in an arithmetic operand, and it has been converted to 0.
at 185 ns(1), Instance /tbram/uut/U0/native_mem_map_module/mem_map_module/ : Warning: CONV_INTEGER: There is an 'U'|'X'|'W'|'Z'|'-' in an arithmetic operand, and it has been converted to 0.
at 185 ns(1), Instance /tbram/uut/U0/native_mem_map_module/mem_map_module/ : Warning: blk_mem_gen_v7_3 WARNING: collision detected: A write address: XXXXXXXXX, B write address: XXXXXXXXX

at 195 ns(1), Instance /tbram/uut/U0/native_mem_map_module/mem_map_module/ : Warning: CONV_INTEGER: There is an 'U'|'X'|'W'|'Z'|'-' in an arithmetic operand, and it has been converted to 0.
at 195 ns(1), Instance /tbram/uut/U0/native_mem_map_module/mem_map_module/ : Warning: CONV_INTEGER: There is an 'U'|'X'|'W'|'Z'|'-' in an arithmetic operand, and it has been converted to 0.
at 195 ns(1), Instance /tbram/uut/U0/native_mem_map_module/mem_map_module/ : Warning: CONV_INTEGER: There is an 'U'|'X'|'W'|'Z'|'-' in an arithmetic operand, and it has been converted to 0.
at 195 ns(1), Instance /tbram/uut/U0/native_mem_map_module/mem_map_module/ : Warning: CONV_INTEGER: There is an 'U'|'X'|'W'|'Z'|'-' in an arithmetic operand, and it has been converted to 0.
at 195 ns(1), Instance /tbram/uut/U0/native_mem_map_module/mem_map_module/ : Warning: CONV_INTEGER: There is an 'U'|'X'|'W'|'Z'|'-' in an arithmetic operand, and it has been converted to 0.
at 195 ns(1), Instance /tbram/uut/U0/native_mem_map_module/mem_map_module/ : Warning: CONV_INTEGER: There is an 'U'|'X'|'W'|'Z'|'-' in an arithmetic operand, and it has been converted to 0.
at 195 ns(1), Instance /tbram/uut/U0/native_mem_map_module/mem_map_module/ : Warning: CONV_INTEGER: There is an 'U'|'X'|'W'|'Z'|'-' in an arithmetic operand, and it has been converted to 0.
at 195 ns(1), Instance /tbram/uut/U0/native_mem_map_module/mem_map_module/ : Warning: CONV_INTEGER: There is an 'U'|'X'|'W'|'Z'|'-' in an arithmetic operand, and it has been converted to 0.
at 195 ns(1), Instance /tbram/uut/U0/native_mem_map_module/mem_map_module/ : Warning: CONV_INTEGER: There is an 'U'|'X'|'W'|'Z'|'-' in an arithmetic operand, and it has been converted to 0.
at 195 ns(1), Instance /tbram/uut/U0/native_mem_map_module/mem_map_module/ : Warning: CONV_INTEGER: There is an 'U'|'X'|'W'|'Z'|'-' in an arithmetic operand, and it has been converted to 0.
at 195 ns(1), Instance /tbram/uut/U0/native_mem_map_module/mem_map_module/ : Warning: blk_mem_gen_v7_3 WARNING: collision detected: A write address: XXXXXXXXX, B write address: XXXXXXXXX

at 205 ns(1), Instance /tbram/uut/U0/native_mem_map_module/mem_map_module/ : Warning: CONV_INTEGER: There is an 'U'|'X'|'W'|'Z'|'-' in an arithmetic operand, and it has been converted to 0.
at 205 ns(1), Instance /tbram/uut/U0/native_mem_map_module/mem_map_module/ : Warning: CONV_INTEGER: There is an 'U'|'X'|'W'|'Z'|'-' in an arithmetic operand, and it has been converted to 0.
at 205 ns(1), Instance /tbram/uut/U0/native_mem_map_module/mem_map_module/ : Warning: CONV_INTEGER: There is an 'U'|'X'|'W'|'Z'|'-' in an arithmetic operand, and it has been converted to 0.
at 205 ns(1), Instance /tbram/uut/U0/native_mem_map_module/mem_map_module/ : Warning: CONV_INTEGER: There is an 'U'|'X'|'W'|'Z'|'-' in an arithmetic operand, and it has been converted to 0.
at 205 ns(1), Instance /tbram/uut/U0/native_mem_map_module/mem_map_module/ : Warning: CONV_INTEGER: There is an 'U'|'X'|'W'|'Z'|'-' in an arithmetic operand, and it has been converted to 0.
at 215 ns(1), Instance /tbram/uut/U0/native_mem_map_module/mem_map_module/ : Warning: blk_mem_gen_v7_3 WARNING: collision detected: A write address: 000000001, B read address: 000000001

at 225 ns(1), Instance /tbram/uut/U0/native_mem_map_module/mem_map_module/ : Warning: CONV_INTEGER: There is an 'U'|'X'|'W'|'Z'|'-' in an arithmetic operand, and it has been converted to 0.
at 225 ns(1), Instance /tbram/uut/U0/native_mem_map_module/mem_map_module/ : Warning: CONV_INTEGER: There is an 'U'|'X'|'W'|'Z'|'-' in an arithmetic operand, and it has been converted to 0.
at 225 ns(1), Instance /tbram/uut/U0/native_mem_map_module/mem_map_module/ : Warning: CONV_INTEGER: There is an 'U'|'X'|'W'|'Z'|'-' in an arithmetic operand, and it has been converted to 0.
at 245 ns(1), Instance /tbram/uut/U0/native_mem_map_module/mem_map_module/ : Warning: CONV_INTEGER: There is an 'U'|'X'|'W'|'Z'|'-' in an arithmetic operand, and it has been converted to 0.
at 245 ns(1), Instance /tbram/uut/U0/native_mem_map_module/mem_map_module/ : Warning: CONV_INTEGER: There is an 'U'|'X'|'W'|'Z'|'-' in an arithmetic operand, and it has been converted to 0.
at 245 ns(1), Instance /tbram/uut/U0/native_mem_map_module/mem_map_module/ : Warning: CONV_INTEGER: There is an 'U'|'X'|'W'|'Z'|'-' in an arithmetic operand, and it has been converted to 0.
at 275 ns(1), Instance /tbram/uut/U0/native_mem_map_module/mem_map_module/ : Warning: CONV_INTEGER: There is an 'U'|'X'|'W'|'Z'|'-' in an arithmetic operand, and it has been converted to 0.
at 275 ns(1), Instance /tbram/uut/U0/native_mem_map_module/mem_map_module/ : Warning: CONV_INTEGER: There is an 'U'|'X'|'W'|'Z'|'-' in an arithmetic operand, and it has been converted to 0.
at 275 ns(1), Instance /tbram/uut/U0/native_mem_map_module/mem_map_module/ : Warning: CONV_INTEGER: There is an 'U'|'X'|'W'|'Z'|'-' in an arithmetic operand, and it has been converted to 0.
at 285 ns(1), Instance /tbram/uut/U0/native_mem_map_module/mem_map_module/ : Warning: CONV_INTEGER: There is an 'U'|'X'|'W'|'Z'|'-' in an arithmetic operand, and it has been converted to 0.
at 285 ns(1), Instance /tbram/uut/U0/native_mem_map_module/mem_map_module/ : Warning: CONV_INTEGER: There is an 'U'|'X'|'W'|'Z'|'-' in an arithmetic operand, and it has been converted to 0.
at 285 ns(1), Instance /tbram/uut/U0/native_mem_map_module/mem_map_module/ : Warning: CONV_INTEGER: There is an 'U'|'X'|'W'|'Z'|'-' in an arithmetic operand, and it has been converted to 0.
at 295 ns(1), Instance /tbram/uut/U0/native_mem_map_module/mem_map_module/ : Warning: CONV_INTEGER: There is an 'U'|'X'|'W'|'Z'|'-' in an arithmetic operand, and it has been converted to 0.
at 295 ns(1), Instance /tbram/uut/U0/native_mem_map_module/mem_map_module/ : Warning: CONV_INTEGER: There is an 'U'|'X'|'W'|'Z'|'-' in an arithmetic operand, and it has been converted to 0.
at 295 ns(1), Instance /tbram/uut/U0/native_mem_map_module/mem_map_module/ : Warning: CONV_INTEGER: There is an 'U'|'X'|'W'|'Z'|'-' in an arithmetic operand, and it has been converted to 0.
at 305 ns(1), Instance /tbram/uut/U0/native_mem_map_module/mem_map_module/ : Warning: CONV_INTEGER: There is an 'U'|'X'|'W'|'Z'|'-' in an arithmetic operand, and it has been converted to 0.
at 305 ns(1), Instance /tbram/uut/U0/native_mem_map_module/mem_map_module/ : Warning: CONV_INTEGER: There is an 'U'|'X'|'W'|'Z'|'-' in an arithmetic operand, and it has been converted to 0.
at 305 ns(1), Instance /tbram/uut/U0/native_mem_map_module/mem_map_module/ : Warning: CONV_INTEGER: There is an 'U'|'X'|'W'|'Z'|'-' in an arithmetic operand, and it has been converted to 0.
at 315 ns(1), Instance /tbram/uut/U0/native_mem_map_module/mem_map_module/ : Warning: CONV_INTEGER: There is an 'U'|'X'|'W'|'Z'|'-' in an arithmetic operand, and it has been converted to 0.
at 315 ns(1), Instance /tbram/uut/U0/native_mem_map_module/mem_map_module/ : Warning: CONV_INTEGER: There is an 'U'|'X'|'W'|'Z'|'-' in an arithmetic operand, and it has been converted to 0.
at 315 ns(1), Instance /tbram/uut/U0/native_mem_map_module/mem_map_module/ : Warning: CONV_INTEGER: There is an 'U'|'X'|'W'|'Z'|'-' in an arithmetic operand, and it has been converted to 0.
at 325 ns(1), Instance /tbram/uut/U0/native_mem_map_module/mem_map_module/ : Warning: CONV_INTEGER: There is an 'U'|'X'|'W'|'Z'|'-' in an arithmetic operand, and it has been converted to 0.
at 325 ns(1), Instance /tbram/uut/U0/native_mem_map_module/mem_map_module/ : Warning: CONV_INTEGER: There is an 'U'|'X'|'W'|'Z'|'-' in an arithmetic operand, and it has been converted to 0.
at 325 ns(1), Instance /tbram/uut/U0/native_mem_map_module/mem_map_module/ : Warning: CONV_INTEGER: There is an 'U'|'X'|'W'|'Z'|'-' in an arithmetic operand, and it has been converted to 0.
at 335 ns(1), Instance /tbram/uut/U0/native_mem_map_module/mem_map_module/ : Warning: CONV_INTEGER: There is an 'U'|'X'|'W'|'Z'|'-' in an arithmetic operand, and it has been converted to 0.
at 335 ns(1), Instance /tbram/uut/U0/native_mem_map_module/mem_map_module/ : Warning: CONV_INTEGER: There is an 'U'|'X'|'W'|'Z'|'-' in an arithmetic operand, and it has been converted to 0.
at 335 ns(1), Instance /tbram/uut/U0/native_mem_map_module/mem_map_module/ : Warning: CONV_INTEGER: There is an 'U'|'X'|'W'|'Z'|'-' in an arithmetic operand, and it has been converted to 0.
at 345 ns(1), Instance /tbram/uut/U0/native_mem_map_module/mem_map_module/ : Warning: CONV_INTEGER: There is an 'U'|'X'|'W'|'Z'|'-' in an arithmetic operand, and it has been converted to 0.
at 345 ns(1), Instance /tbram/uut/U0/native_mem_map_module/mem_map_module/ : Warning: CONV_INTEGER: There is an 'U'|'X'|'W'|'Z'|'-' in an arithmetic operand, and it has been converted to 0.
at 345 ns(1), Instance /tbram/uut/U0/native_mem_map_module/mem_map_module/ : Warning: CONV_INTEGER: There is an 'U'|'X'|'W'|'Z'|'-' in an arithmetic operand, and it has been converted to 0.
at 355 ns(1), Instance /tbram/uut/U0/native_mem_map_module/mem_map_module/ : Warning: CONV_INTEGER: There is an 'U'|'X'|'W'|'Z'|'-' in an arithmetic operand, and it has been converted to 0.
at 355 ns(1), Instance /tbram/uut/U0/native_mem_map_module/mem_map_module/ : Warning: CONV_INTEGER: There is an 'U'|'X'|'W'|'Z'|'-' in an arithmetic operand, and it has been converted to 0.
at 355 ns(1), Instance /tbram/uut/U0/native_mem_map_module/mem_map_module/ : Warning: CONV_INTEGER: There is an 'U'|'X'|'W'|'Z'|'-' in an arithmetic operand, and it has been converted to 0.
at 365 ns(1), Instance /tbram/uut/U0/native_mem_map_module/mem_map_module/ : Warning: CONV_INTEGER: There is an 'U'|'X'|'W'|'Z'|'-' in an arithmetic operand, and it has been converted to 0.
at 365 ns(1), Instance /tbram/uut/U0/native_mem_map_module/mem_map_module/ : Warning: CONV_INTEGER: There is an 'U'|'X'|'W'|'Z'|'-' in an arithmetic operand, and it has been converted to 0.
at 365 ns(1), Instance /tbram/uut/U0/native_mem_map_module/mem_map_module/ : Warning: CONV_INTEGER: There is an 'U'|'X'|'W'|'Z'|'-' in an arithmetic operand, and it has been converted to 0.
at 375 ns(1), Instance /tbram/uut/U0/native_mem_map_module/mem_map_module/ : Warning: blk_mem_gen_v7_3 WARNING: collision detected: A write address: 000000001, B read address: 000000001

at 385 ns(1), Instance /tbram/uut/U0/native_mem_map_module/mem_map_module/ : Warning: CONV_INTEGER: There is an 'U'|'X'|'W'|'Z'|'-' in an arithmetic operand, and it has been converted to 0.
at 385 ns(1), Instance /tbram/uut/U0/native_mem_map_module/mem_map_module/ : Warning: CONV_INTEGER: There is an 'U'|'X'|'W'|'Z'|'-' in an arithmetic operand, and it has been converted to 0.
at 385 ns(1), Instance /tbram/uut/U0/native_mem_map_module/mem_map_module/ : Warning: CONV_INTEGER: There is an 'U'|'X'|'W'|'Z'|'-' in an arithmetic operand, and it has been converted to 0.
