Release 14.7 Map P.20131013 (nt64)
Xilinx Mapping Report File for Design 'mojo_top'

Design Information
------------------
Command Line   : map -filter
C:/Users/CAO-PCB/Documents/MojoV3/ise_files/iseconfig/filter.filter -intstyle
ise -p xc6slx9-tqg144-2 -w -logic_opt off -ol high -t 1 -xt 0
-register_duplication off -r 4 -global_opt off -mt off -ir off -pr off -lc off
-power off -o mojo_top_map.ncd mojo_top.ngd mojo_top.pcf 
Target Device  : xc6slx9
Target Package : tqg144
Target Speed   : -2
Mapper Version : spartan6 -- $Revision: 1.55 $
Mapped Date    : Sun Feb 05 12:23:21 2017

Design Summary
--------------
Number of errors:      0
Number of warnings:    0
Slice Logic Utilization:
  Number of Slice Registers:                   800 out of  11,440    6%
    Number used as Flip Flops:                 798
    Number used as Latches:                      0
    Number used as Latch-thrus:                  0
    Number used as AND/OR logics:                2
  Number of Slice LUTs:                        916 out of   5,720   16%
    Number used as logic:                      773 out of   5,720   13%
      Number using O6 output only:             515
      Number using O5 output only:              40
      Number using O5 and O6:                  218
      Number used as ROM:                        0
    Number used as Memory:                     109 out of   1,440    7%
      Number used as Dual Port RAM:             64
        Number using O6 output only:             0
        Number using O5 output only:             0
        Number using O5 and O6:                 64
      Number used as Single Port RAM:            0
      Number used as Shift Register:            45
        Number using O6 output only:            37
        Number using O5 output only:             0
        Number using O5 and O6:                  8
    Number used exclusively as route-thrus:     34
      Number with same-slice register load:     30
      Number with same-slice carry load:         4
      Number with other load:                    0

Slice Logic Distribution:
  Number of occupied Slices:                   330 out of   1,430   23%
  Number of MUXCYs used:                       136 out of   2,860    4%
  Number of LUT Flip Flop pairs used:        1,029
    Number with an unused Flip Flop:           317 out of   1,029   30%
    Number with an unused LUT:                 113 out of   1,029   10%
    Number of fully used LUT-FF pairs:         599 out of   1,029   58%
    Number of unique control sets:              78
    Number of slice register sites lost
      to control set restrictions:             269 out of  11,440    2%

  A LUT Flip Flop pair for this architecture represents one LUT paired with
  one Flip Flop within a slice.  A control set is a unique combination of
  clock, reset, set, and enable signals for a registered element.
  The Slice Logic Distribution report is not meaningful if the design is
  over-mapped for a non-slice resource or if Placement fails.

IO Utilization:
  Number of bonded IOBs:                        24 out of     102   23%
    Number of LOCed IOBs:                       24 out of      24  100%

Specific Feature Utilization:
  Number of RAMB16BWERs:                         9 out of      32   28%
  Number of RAMB8BWERs:                          0 out of      64    0%
  Number of BUFIO2/BUFIO2_2CLKs:                 0 out of      32    0%
  Number of BUFIO2FB/BUFIO2FB_2CLKs:             0 out of      32    0%
  Number of BUFG/BUFGMUXs:                       1 out of      16    6%
    Number used as BUFGs:                        1
    Number used as BUFGMUX:                      0
  Number of DCM/DCM_CLKGENs:                     0 out of       4    0%
  Number of ILOGIC2/ISERDES2s:                   0 out of     200    0%
  Number of IODELAY2/IODRP2/IODRP2_MCBs:         0 out of     200    0%
  Number of OLOGIC2/OSERDES2s:                   0 out of     200    0%
  Number of BSCANs:                              0 out of       4    0%
  Number of BUFHs:                               0 out of     128    0%
  Number of BUFPLLs:                             0 out of       8    0%
  Number of BUFPLL_MCBs:                         0 out of       4    0%
  Number of DSP48A1s:                            0 out of      16    0%
  Number of ICAPs:                               0 out of       1    0%
  Number of MCBs:                                0 out of       2    0%
  Number of PCILOGICSEs:                         0 out of       2    0%
  Number of PLL_ADVs:                            0 out of       2    0%
  Number of PMVs:                                0 out of       1    0%
  Number of STARTUPs:                            0 out of       1    0%
  Number of SUSPEND_SYNCs:                       0 out of       1    0%

Average Fanout of Non-Clock Nets:                3.59

Peak Memory Usage:  404 MB
Total REAL time to MAP completion:  21 secs 
Total CPU time to MAP completion:   20 secs 

Table of Contents
-----------------
Section 1 - Errors
Section 2 - Warnings
Section 3 - Informational
Section 4 - Removed Logic Summary
Section 5 - Removed Logic
Section 6 - IOB Properties
Section 7 - RPMs
Section 8 - Guide Report
Section 9 - Area Group and Partition Summary
Section 10 - Timing Report
Section 11 - Configuration String Information
Section 12 - Control Set Information
Section 13 - Utilization by Hierarchy

Section 1 - Errors
------------------

Section 2 - Warnings
--------------------

Section 3 - Informational
-------------------------
INFO:LIT:243 - Logical network mcs_0/U0/iomodule_0/IO_Address<31> has no load.
INFO:LIT:395 - The above info message is repeated 80 more times for the
   following (max. 5 shown):
   mcs_0/U0/iomodule_0/IO_Address<29>,
   mcs_0/U0/iomodule_0/IO_Address<28>,
   mcs_0/U0/iomodule_0/IO_Address<27>,
   mcs_0/U0/iomodule_0/IO_Address<26>,
   mcs_0/U0/iomodule_0/IO_Address<25>
   To see the details of these info messages, please use the -detail switch.
INFO:MapLib:562 - No environment variables are currently set.
INFO:LIT:244 - All of the single ended outputs in this design are using slew
   rate limited output drivers. The delay on speed critical single ended outputs
   can be dramatically reduced by designating them as fast outputs.
INFO:Pack:1716 - Initializing temperature to 85.000 Celsius. (default - Range:
   0.000 to 85.000 Celsius)
INFO:Pack:1720 - Initializing voltage to 1.140 Volts. (default - Range: 1.140 to
   1.260 Volts)
INFO:Map:215 - The Interim Design Summary has been generated in the MAP Report
   (.mrp).
INFO:Pack:1650 - Map created a placed design.

Section 4 - Removed Logic Summary
---------------------------------
 101 block(s) removed
  39 block(s) optimized away
  56 signal(s) removed

Section 5 - Removed Logic
-------------------------

The trimmed logic report below shows the logic removed from your design due to
sourceless or loadless signals, and VCC or ground connections.  If the removal
of a signal or symbol results in the subsequent removal of an additional signal
or symbol, the message explaining that second removal will be indented.  This
indentation will be repeated as a chain of related logic is removed.

To quickly locate the original cause for the removal of a chain of logic, look
above the place where that logic is listed in the trimming report, then locate
the lines that are least indented (begin at the leftmost edge).

Loadless block
"mcs_0/U0/microblaze_I/MicroBlaze_Core_I/Area.Data_Flow_I/PC_Module_I/Using_FPGA
.Not_All_Bits.PC_GEN[18].PC_Bit_I/PC_EX_DFF" (FF) removed.
Loadless block
"mcs_0/U0/microblaze_I/MicroBlaze_Core_I/Area.Data_Flow_I/PC_Module_I/Using_FPGA
.Not_All_Bits.PC_GEN[19].PC_Bit_I/PC_EX_DFF" (FF) removed.
Loadless block
"mcs_0/U0/microblaze_I/MicroBlaze_Core_I/Area.Data_Flow_I/PC_Module_I/Using_FPGA
.Not_All_Bits.PC_GEN[20].PC_Bit_I/PC_EX_DFF" (FF) removed.
Loadless block
"mcs_0/U0/microblaze_I/MicroBlaze_Core_I/Area.Data_Flow_I/PC_Module_I/Using_FPGA
.Not_All_Bits.PC_GEN[21].PC_Bit_I/PC_EX_DFF" (FF) removed.
Loadless block
"mcs_0/U0/microblaze_I/MicroBlaze_Core_I/Area.Data_Flow_I/PC_Module_I/Using_FPGA
.Not_All_Bits.PC_GEN[22].PC_Bit_I/PC_EX_DFF" (FF) removed.
Loadless block
"mcs_0/U0/microblaze_I/MicroBlaze_Core_I/Area.Data_Flow_I/PC_Module_I/Using_FPGA
.Not_All_Bits.PC_GEN[23].PC_Bit_I/PC_EX_DFF" (FF) removed.
Loadless block
"mcs_0/U0/microblaze_I/MicroBlaze_Core_I/Area.Data_Flow_I/PC_Module_I/Using_FPGA
.Not_All_Bits.PC_GEN[24].PC_Bit_I/PC_EX_DFF" (FF) removed.
Loadless block
"mcs_0/U0/microblaze_I/MicroBlaze_Core_I/Area.Data_Flow_I/PC_Module_I/Using_FPGA
.Not_All_Bits.PC_GEN[25].PC_Bit_I/PC_EX_DFF" (FF) removed.
Loadless block
"mcs_0/U0/microblaze_I/MicroBlaze_Core_I/Area.Data_Flow_I/PC_Module_I/Using_FPGA
.Not_All_Bits.PC_GEN[26].PC_Bit_I/PC_EX_DFF" (FF) removed.
Loadless block
"mcs_0/U0/microblaze_I/MicroBlaze_Core_I/Area.Data_Flow_I/PC_Module_I/Using_FPGA
.Not_All_Bits.PC_GEN[27].PC_Bit_I/PC_EX_DFF" (FF) removed.
Loadless block
"mcs_0/U0/microblaze_I/MicroBlaze_Core_I/Area.Data_Flow_I/PC_Module_I/Using_FPGA
.Not_All_Bits.PC_GEN[28].PC_Bit_I/PC_EX_DFF" (FF) removed.
Loadless block
"mcs_0/U0/microblaze_I/MicroBlaze_Core_I/Area.Data_Flow_I/PC_Module_I/Using_FPGA
.Not_All_Bits.PC_GEN[29].PC_Bit_I/PC_EX_DFF" (FF) removed.
Loadless block
"mcs_0/U0/microblaze_I/MicroBlaze_Core_I/Area.Data_Flow_I/Result_Mux_I/Using_FPG
A.Result_Mux_Bits[0].Result_Mux_Bit_I/EX_Result_DFF" (FF) removed.
Loadless block
"mcs_0/U0/microblaze_I/MicroBlaze_Core_I/Area.Data_Flow_I/Result_Mux_I/Using_FPG
A.Result_Mux_Bits[10].Result_Mux_Bit_I/EX_Result_DFF" (FF) removed.
Loadless block
"mcs_0/U0/microblaze_I/MicroBlaze_Core_I/Area.Data_Flow_I/Result_Mux_I/Using_FPG
A.Result_Mux_Bits[11].Result_Mux_Bit_I/EX_Result_DFF" (FF) removed.
Loadless block
"mcs_0/U0/microblaze_I/MicroBlaze_Core_I/Area.Data_Flow_I/Result_Mux_I/Using_FPG
A.Result_Mux_Bits[12].Result_Mux_Bit_I/EX_Result_DFF" (FF) removed.
Loadless block
"mcs_0/U0/microblaze_I/MicroBlaze_Core_I/Area.Data_Flow_I/Result_Mux_I/Using_FPG
A.Result_Mux_Bits[13].Result_Mux_Bit_I/EX_Result_DFF" (FF) removed.
Loadless block
"mcs_0/U0/microblaze_I/MicroBlaze_Core_I/Area.Data_Flow_I/Result_Mux_I/Using_FPG
A.Result_Mux_Bits[14].Result_Mux_Bit_I/EX_Result_DFF" (FF) removed.
Loadless block
"mcs_0/U0/microblaze_I/MicroBlaze_Core_I/Area.Data_Flow_I/Result_Mux_I/Using_FPG
A.Result_Mux_Bits[15].Result_Mux_Bit_I/EX_Result_DFF" (FF) removed.
Loadless block
"mcs_0/U0/microblaze_I/MicroBlaze_Core_I/Area.Data_Flow_I/Result_Mux_I/Using_FPG
A.Result_Mux_Bits[16].Result_Mux_Bit_I/EX_Result_DFF" (FF) removed.
Loadless block
"mcs_0/U0/microblaze_I/MicroBlaze_Core_I/Area.Data_Flow_I/Result_Mux_I/Using_FPG
A.Result_Mux_Bits[17].Result_Mux_Bit_I/EX_Result_DFF" (FF) removed.
Loadless block
"mcs_0/U0/microblaze_I/MicroBlaze_Core_I/Area.Data_Flow_I/Result_Mux_I/Using_FPG
A.Result_Mux_Bits[18].Result_Mux_Bit_I/EX_Result_DFF" (FF) removed.
Loadless block
"mcs_0/U0/microblaze_I/MicroBlaze_Core_I/Area.Data_Flow_I/Result_Mux_I/Using_FPG
A.Result_Mux_Bits[19].Result_Mux_Bit_I/EX_Result_DFF" (FF) removed.
Loadless block
"mcs_0/U0/microblaze_I/MicroBlaze_Core_I/Area.Data_Flow_I/Result_Mux_I/Using_FPG
A.Result_Mux_Bits[1].Result_Mux_Bit_I/EX_Result_DFF" (FF) removed.
Loadless block
"mcs_0/U0/microblaze_I/MicroBlaze_Core_I/Area.Data_Flow_I/Result_Mux_I/Using_FPG
A.Result_Mux_Bits[20].Result_Mux_Bit_I/EX_Result_DFF" (FF) removed.
Loadless block
"mcs_0/U0/microblaze_I/MicroBlaze_Core_I/Area.Data_Flow_I/Result_Mux_I/Using_FPG
A.Result_Mux_Bits[21].Result_Mux_Bit_I/EX_Result_DFF" (FF) removed.
Loadless block
"mcs_0/U0/microblaze_I/MicroBlaze_Core_I/Area.Data_Flow_I/Result_Mux_I/Using_FPG
A.Result_Mux_Bits[22].Result_Mux_Bit_I/EX_Result_DFF" (FF) removed.
Loadless block
"mcs_0/U0/microblaze_I/MicroBlaze_Core_I/Area.Data_Flow_I/Result_Mux_I/Using_FPG
A.Result_Mux_Bits[23].Result_Mux_Bit_I/EX_Result_DFF" (FF) removed.
Loadless block
"mcs_0/U0/microblaze_I/MicroBlaze_Core_I/Area.Data_Flow_I/Result_Mux_I/Using_FPG
A.Result_Mux_Bits[24].Result_Mux_Bit_I/EX_Result_DFF" (FF) removed.
Loadless block
"mcs_0/U0/microblaze_I/MicroBlaze_Core_I/Area.Data_Flow_I/Result_Mux_I/Using_FPG
A.Result_Mux_Bits[25].Result_Mux_Bit_I/EX_Result_DFF" (FF) removed.
Loadless block
"mcs_0/U0/microblaze_I/MicroBlaze_Core_I/Area.Data_Flow_I/Result_Mux_I/Using_FPG
A.Result_Mux_Bits[26].Result_Mux_Bit_I/EX_Result_DFF" (FF) removed.
Loadless block
"mcs_0/U0/microblaze_I/MicroBlaze_Core_I/Area.Data_Flow_I/Result_Mux_I/Using_FPG
A.Result_Mux_Bits[27].Result_Mux_Bit_I/EX_Result_DFF" (FF) removed.
Loadless block
"mcs_0/U0/microblaze_I/MicroBlaze_Core_I/Area.Data_Flow_I/Result_Mux_I/Using_FPG
A.Result_Mux_Bits[28].Result_Mux_Bit_I/EX_Result_DFF" (FF) removed.
Loadless block
"mcs_0/U0/microblaze_I/MicroBlaze_Core_I/Area.Data_Flow_I/Result_Mux_I/Using_FPG
A.Result_Mux_Bits[29].Result_Mux_Bit_I/EX_Result_DFF" (FF) removed.
Loadless block
"mcs_0/U0/microblaze_I/MicroBlaze_Core_I/Area.Data_Flow_I/Result_Mux_I/Using_FPG
A.Result_Mux_Bits[2].Result_Mux_Bit_I/EX_Result_DFF" (FF) removed.
Loadless block
"mcs_0/U0/microblaze_I/MicroBlaze_Core_I/Area.Data_Flow_I/Result_Mux_I/Using_FPG
A.Result_Mux_Bits[30].Result_Mux_Bit_I/EX_Result_DFF" (FF) removed.
Loadless block
"mcs_0/U0/microblaze_I/MicroBlaze_Core_I/Area.Data_Flow_I/Result_Mux_I/Using_FPG
A.Result_Mux_Bits[31].Result_Mux_Bit_I/EX_Result_DFF" (FF) removed.
Loadless block
"mcs_0/U0/microblaze_I/MicroBlaze_Core_I/Area.Data_Flow_I/Result_Mux_I/Using_FPG
A.Result_Mux_Bits[3].Result_Mux_Bit_I/EX_Result_DFF" (FF) removed.
Loadless block
"mcs_0/U0/microblaze_I/MicroBlaze_Core_I/Area.Data_Flow_I/Result_Mux_I/Using_FPG
A.Result_Mux_Bits[4].Result_Mux_Bit_I/EX_Result_DFF" (FF) removed.
Loadless block
"mcs_0/U0/microblaze_I/MicroBlaze_Core_I/Area.Data_Flow_I/Result_Mux_I/Using_FPG
A.Result_Mux_Bits[5].Result_Mux_Bit_I/EX_Result_DFF" (FF) removed.
Loadless block
"mcs_0/U0/microblaze_I/MicroBlaze_Core_I/Area.Data_Flow_I/Result_Mux_I/Using_FPG
A.Result_Mux_Bits[6].Result_Mux_Bit_I/EX_Result_DFF" (FF) removed.
Loadless block
"mcs_0/U0/microblaze_I/MicroBlaze_Core_I/Area.Data_Flow_I/Result_Mux_I/Using_FPG
A.Result_Mux_Bits[7].Result_Mux_Bit_I/EX_Result_DFF" (FF) removed.
Loadless block
"mcs_0/U0/microblaze_I/MicroBlaze_Core_I/Area.Data_Flow_I/Result_Mux_I/Using_FPG
A.Result_Mux_Bits[8].Result_Mux_Bit_I/EX_Result_DFF" (FF) removed.
Loadless block
"mcs_0/U0/microblaze_I/MicroBlaze_Core_I/Area.Data_Flow_I/Result_Mux_I/Using_FPG
A.Result_Mux_Bits[9].Result_Mux_Bit_I/EX_Result_DFF" (FF) removed.
Loadless block
"mcs_0/U0/microblaze_I/MicroBlaze_Core_I/Area.Decode_I/Using_FPGA.Ext_NM_BRK_FDR
SE" (FF) removed.
The signal "mcs_0/U0/iomodule_0/IO_Address<31>" is sourceless and has been
removed.
The signal "mcs_0/U0/iomodule_0/IO_Address<29>" is sourceless and has been
removed.
The signal "mcs_0/U0/iomodule_0/IO_Address<28>" is sourceless and has been
removed.
The signal "mcs_0/U0/iomodule_0/IO_Address<27>" is sourceless and has been
removed.
The signal "mcs_0/U0/iomodule_0/IO_Address<26>" is sourceless and has been
removed.
The signal "mcs_0/U0/iomodule_0/IO_Address<25>" is sourceless and has been
removed.
The signal "mcs_0/U0/iomodule_0/IO_Address<24>" is sourceless and has been
removed.
The signal "mcs_0/U0/iomodule_0/IO_Address<23>" is sourceless and has been
removed.
The signal "mcs_0/U0/iomodule_0/IO_Address<22>" is sourceless and has been
removed.
The signal "mcs_0/U0/iomodule_0/IO_Address<21>" is sourceless and has been
removed.
The signal "mcs_0/U0/iomodule_0/IO_Address<20>" is sourceless and has been
removed.
The signal "mcs_0/U0/iomodule_0/IO_Address<19>" is sourceless and has been
removed.
The signal "mcs_0/U0/iomodule_0/IO_Address<18>" is sourceless and has been
removed.
The signal "mcs_0/U0/iomodule_0/IO_Address<17>" is sourceless and has been
removed.
The signal "mcs_0/U0/iomodule_0/IO_Address<16>" is sourceless and has been
removed.
The signal "mcs_0/U0/iomodule_0/IO_Byte_Enable<3>" is sourceless and has been
removed.
The signal "mcs_0/U0/iomodule_0/IO_Byte_Enable<2>" is sourceless and has been
removed.
The signal "mcs_0/U0/iomodule_0/IO_Byte_Enable<1>" is sourceless and has been
removed.
The signal "mcs_0/U0/iomodule_0/IO_Byte_Enable<0>" is sourceless and has been
removed.
The signal "mcs_0/U0/iomodule_0/IOModule_Core_I1/GPO_I1/gpo_io_i<7>" is
sourceless and has been removed.
The signal "mcs_0/U0/iomodule_0/IOModule_Core_I1/GPO_I1/gpo_io_i<6>" is
sourceless and has been removed.
The signal "mcs_0/U0/iomodule_0/IOModule_Core_I1/GPO_I1/gpo_io_i<5>" is
sourceless and has been removed.
The signal "mcs_0/U0/iomodule_0/IOModule_Core_I1/GPO_I1/gpo_io_i<4>" is
sourceless and has been removed.
The signal "mcs_0/U0/iomodule_0/IOModule_Core_I1/GPO_I1/gpo_io_i<3>" is
sourceless and has been removed.
The signal "mcs_0/U0/iomodule_0/IOModule_Core_I1/GPO_I1/gpo_io_i<2>" is
sourceless and has been removed.
The signal "mcs_0/U0/iomodule_0/IOModule_Core_I1/GPO_I1/gpo_io_i<1>" is
sourceless and has been removed.
The signal "mcs_0/U0/iomodule_0/IOModule_Core_I1/GPO_I1/gpo_io_i<0>" is
sourceless and has been removed.
The signal "mcs_0/U0/iomodule_0/IO_Read_Strobe" is sourceless and has been
removed.
The signal "mcs_0/U0/iomodule_0/IOModule_Core_I1/FIT_I1/toggle_i" is sourceless
and has been removed.
 Sourceless block "mcs_0/U0/iomodule_0/IOModule_Core_I1/FIT_I1/toggle_i_rstpot"
(ROM) removed.
  The signal "mcs_0/U0/iomodule_0/IOModule_Core_I1/FIT_I1/toggle_i_rstpot" is
sourceless and has been removed.
   Sourceless block "mcs_0/U0/iomodule_0/IOModule_Core_I1/FIT_I1/toggle_i" (SFF)
removed.
The signal "mcs_0/U0/iomodule_0/write_data<31>" is sourceless and has been
removed.
The signal "mcs_0/U0/iomodule_0/write_data<30>" is sourceless and has been
removed.
The signal "mcs_0/U0/iomodule_0/write_data<29>" is sourceless and has been
removed.
The signal "mcs_0/U0/iomodule_0/write_data<28>" is sourceless and has been
removed.
The signal "mcs_0/U0/iomodule_0/write_data<27>" is sourceless and has been
removed.
The signal "mcs_0/U0/iomodule_0/write_data<26>" is sourceless and has been
removed.
The signal "mcs_0/U0/iomodule_0/write_data<25>" is sourceless and has been
removed.
The signal "mcs_0/U0/iomodule_0/write_data<24>" is sourceless and has been
removed.
The signal "mcs_0/U0/iomodule_0/write_data<23>" is sourceless and has been
removed.
The signal "mcs_0/U0/iomodule_0/write_data<22>" is sourceless and has been
removed.
The signal "mcs_0/U0/iomodule_0/write_data<21>" is sourceless and has been
removed.
The signal "mcs_0/U0/iomodule_0/write_data<20>" is sourceless and has been
removed.
The signal "mcs_0/U0/iomodule_0/write_data<19>" is sourceless and has been
removed.
The signal "mcs_0/U0/iomodule_0/write_data<18>" is sourceless and has been
removed.
The signal "mcs_0/U0/iomodule_0/write_data<17>" is sourceless and has been
removed.
The signal "mcs_0/U0/iomodule_0/write_data<16>" is sourceless and has been
removed.
The signal "mcs_0/U0/iomodule_0/write_data<15>" is sourceless and has been
removed.
The signal "mcs_0/U0/iomodule_0/write_data<14>" is sourceless and has been
removed.
The signal "mcs_0/U0/iomodule_0/gpo1_write" is sourceless and has been removed.
 Sourceless block "mcs_0/U0/iomodule_0/IOModule_Core_I1/GPO_I1/gpo_io_i_7" (SFF)
removed.
 Sourceless block "mcs_0/U0/iomodule_0/IOModule_Core_I1/GPO_I1/gpo_io_i_6" (SFF)
removed.
 Sourceless block "mcs_0/U0/iomodule_0/IOModule_Core_I1/GPO_I1/gpo_io_i_5" (SFF)
removed.
 Sourceless block "mcs_0/U0/iomodule_0/IOModule_Core_I1/GPO_I1/gpo_io_i_4" (SFF)
removed.
 Sourceless block "mcs_0/U0/iomodule_0/IOModule_Core_I1/GPO_I1/gpo_io_i_3" (SFF)
removed.
 Sourceless block "mcs_0/U0/iomodule_0/IOModule_Core_I1/GPO_I1/gpo_io_i_2" (SFF)
removed.
 Sourceless block "mcs_0/U0/iomodule_0/IOModule_Core_I1/GPO_I1/gpo_io_i_1" (SFF)
removed.
 Sourceless block "mcs_0/U0/iomodule_0/IOModule_Core_I1/GPO_I1/gpo_io_i_0" (SFF)
removed.
The signal
"mcs_0/U0/microblaze_I/MicroBlaze_Core_I/Area.Decode_I/iFetch_In_Progress_n" is
sourceless and has been removed.
 Sourceless block
"mcs_0/U0/microblaze_I/MicroBlaze_Core_I/Area.Decode_I/Using_FPGA.iFetch_MuxCY_3
" (MUX) removed.
  The signal
"mcs_0/U0/microblaze_I/MicroBlaze_Core_I/Area.Decode_I/Using_FPGA.iFetch_MuxCY_3
/O" is sourceless and has been removed.
   Sourceless block
"mcs_0/U0/microblaze_I/MicroBlaze_Core_I/Area.Decode_I/Using_FPGA.iFetch_MuxCY_3
/MUXCY_L_BUF" (BUF) removed.
    The signal
"mcs_0/U0/microblaze_I/MicroBlaze_Core_I/Area.Decode_I/Using_FPGA.iFetch_MuxCY_3
/LO" is sourceless and has been removed.
The signal
"mcs_0/U0/microblaze_I/MicroBlaze_Core_I/Area.Data_Flow_I/PC_Module_I/Using_FPGA
.Not_All_Bits.PC_GEN[18].PC_Bit_I/MUXCY_X/O" is sourceless and has been removed.
 Sourceless block
"mcs_0/U0/microblaze_I/MicroBlaze_Core_I/Area.Data_Flow_I/PC_Module_I/Using_FPGA
.Not_All_Bits.PC_GEN[18].PC_Bit_I/MUXCY_X/MUXCY_L_BUF" (BUF) removed.
  The signal
"mcs_0/U0/microblaze_I/MicroBlaze_Core_I/Area.Data_Flow_I/PC_Module_I/Using_FPGA
.Not_All_Bits.PC_GEN[18].PC_Bit_I/MUXCY_X/LO" is sourceless and has been
removed.
The signal
"mcs_0/U0/microblaze_I/MicroBlaze_Core_I/Area.Decode_I/PreFetch_Buffer_I/Using_F
PGA.Buffer_DFFs[1].buffer_Addr_MUXCY_L/O" is sourceless and has been removed.
 Sourceless block
"mcs_0/U0/microblaze_I/MicroBlaze_Core_I/Area.Decode_I/PreFetch_Buffer_I/Using_F
PGA.Buffer_DFFs[1].buffer_Addr_MUXCY_L/MUXCY_L_BUF" (BUF) removed.
  The signal
"mcs_0/U0/microblaze_I/MicroBlaze_Core_I/Area.Decode_I/PreFetch_Buffer_I/Using_F
PGA.Buffer_DFFs[1].buffer_Addr_MUXCY_L/LO" is sourceless and has been removed.
Unused block "mcs_0/U0/iomodule_0/IO_Address_16" (SFF) removed.
Unused block "mcs_0/U0/iomodule_0/IO_Address_17" (SFF) removed.
Unused block "mcs_0/U0/iomodule_0/IO_Address_18" (SFF) removed.
Unused block "mcs_0/U0/iomodule_0/IO_Address_19" (SFF) removed.
Unused block "mcs_0/U0/iomodule_0/IO_Address_20" (SFF) removed.
Unused block "mcs_0/U0/iomodule_0/IO_Address_21" (SFF) removed.
Unused block "mcs_0/U0/iomodule_0/IO_Address_22" (SFF) removed.
Unused block "mcs_0/U0/iomodule_0/IO_Address_23" (SFF) removed.
Unused block "mcs_0/U0/iomodule_0/IO_Address_24" (SFF) removed.
Unused block "mcs_0/U0/iomodule_0/IO_Address_25" (SFF) removed.
Unused block "mcs_0/U0/iomodule_0/IO_Address_26" (SFF) removed.
Unused block "mcs_0/U0/iomodule_0/IO_Address_27" (SFF) removed.
Unused block "mcs_0/U0/iomodule_0/IO_Address_28" (SFF) removed.
Unused block "mcs_0/U0/iomodule_0/IO_Address_29" (SFF) removed.
Unused block "mcs_0/U0/iomodule_0/IO_Address_31" (SFF) removed.
Unused block "mcs_0/U0/iomodule_0/IO_Byte_Enable_0" (SFF) removed.
Unused block "mcs_0/U0/iomodule_0/IO_Byte_Enable_1" (SFF) removed.
Unused block "mcs_0/U0/iomodule_0/IO_Byte_Enable_2" (SFF) removed.
Unused block "mcs_0/U0/iomodule_0/IO_Byte_Enable_3" (SFF) removed.
Unused block "mcs_0/U0/iomodule_0/IO_Read_Strobe" (SFF) removed.
Unused block "mcs_0/U0/iomodule_0/Mmux_gpo1_write11" (ROM) removed.
Unused block "mcs_0/U0/iomodule_0/write_data_14" (FF) removed.
Unused block "mcs_0/U0/iomodule_0/write_data_15" (FF) removed.
Unused block "mcs_0/U0/iomodule_0/write_data_16" (FF) removed.
Unused block "mcs_0/U0/iomodule_0/write_data_17" (FF) removed.
Unused block "mcs_0/U0/iomodule_0/write_data_18" (FF) removed.
Unused block "mcs_0/U0/iomodule_0/write_data_19" (FF) removed.
Unused block "mcs_0/U0/iomodule_0/write_data_20" (FF) removed.
Unused block "mcs_0/U0/iomodule_0/write_data_21" (FF) removed.
Unused block "mcs_0/U0/iomodule_0/write_data_22" (FF) removed.
Unused block "mcs_0/U0/iomodule_0/write_data_23" (FF) removed.
Unused block "mcs_0/U0/iomodule_0/write_data_24" (FF) removed.
Unused block "mcs_0/U0/iomodule_0/write_data_25" (FF) removed.
Unused block "mcs_0/U0/iomodule_0/write_data_26" (FF) removed.
Unused block "mcs_0/U0/iomodule_0/write_data_27" (FF) removed.
Unused block "mcs_0/U0/iomodule_0/write_data_28" (FF) removed.
Unused block "mcs_0/U0/iomodule_0/write_data_29" (FF) removed.
Unused block "mcs_0/U0/iomodule_0/write_data_30" (FF) removed.
Unused block "mcs_0/U0/iomodule_0/write_data_31" (FF) removed.
Unused block
"mcs_0/U0/microblaze_I/MicroBlaze_Core_I/Area.Data_Flow_I/PC_Module_I/Using_FPGA
.Not_All_Bits.PC_GEN[18].PC_Bit_I/MUXCY_X" (MUX) removed.
Unused block
"mcs_0/U0/microblaze_I/MicroBlaze_Core_I/Area.Decode_I/PreFetch_Buffer_I/Using_F
PGA.Buffer_DFFs[1].buffer_Addr_MUXCY_L" (MUX) removed.
Unused block
"mcs_0/U0/microblaze_I/MicroBlaze_Core_I/Area.Decode_I/iFetch_In_Progress_n1_INV
_0" (BUF) removed.

Optimized Block(s):
TYPE 		BLOCK
GND 		XST_GND
VCC 		XST_VCC
GND 		dual_bram_0/XST_GND
VCC 		dual_bram_0/XST_VCC
FDR 		mcs_0/U0/iomodule_0/IOModule_Core_I1/intr_ctrl_I1/cipr_rd_dff_all[0].fdr_i
   optimized to 0
FDR
		mcs_0/U0/iomodule_0/IOModule_Core_I1/intr_ctrl_I1/cipr_rd_dff_all[10].fdr_i
   optimized to 0
FDR
		mcs_0/U0/iomodule_0/IOModule_Core_I1/intr_ctrl_I1/cipr_rd_dff_all[11].fdr_i
   optimized to 0
FDR
		mcs_0/U0/iomodule_0/IOModule_Core_I1/intr_ctrl_I1/cipr_rd_dff_all[12].fdr_i
   optimized to 0
FDR
		mcs_0/U0/iomodule_0/IOModule_Core_I1/intr_ctrl_I1/cipr_rd_dff_all[13].fdr_i
   optimized to 0
FDR
		mcs_0/U0/iomodule_0/IOModule_Core_I1/intr_ctrl_I1/cipr_rd_dff_all[14].fdr_i
   optimized to 0
FDR
		mcs_0/U0/iomodule_0/IOModule_Core_I1/intr_ctrl_I1/cipr_rd_dff_all[15].fdr_i
   optimized to 0
FDR
		mcs_0/U0/iomodule_0/IOModule_Core_I1/intr_ctrl_I1/cipr_rd_dff_all[16].fdr_i
   optimized to 0
FDR
		mcs_0/U0/iomodule_0/IOModule_Core_I1/intr_ctrl_I1/cipr_rd_dff_all[17].fdr_i
   optimized to 0
FDR
		mcs_0/U0/iomodule_0/IOModule_Core_I1/intr_ctrl_I1/cipr_rd_dff_all[18].fdr_i
   optimized to 0
FDR
		mcs_0/U0/iomodule_0/IOModule_Core_I1/intr_ctrl_I1/cipr_rd_dff_all[19].fdr_i
   optimized to 0
FDR 		mcs_0/U0/iomodule_0/IOModule_Core_I1/intr_ctrl_I1/cipr_rd_dff_all[1].fdr_i
   optimized to 0
FDR
		mcs_0/U0/iomodule_0/IOModule_Core_I1/intr_ctrl_I1/cipr_rd_dff_all[20].fdr_i
   optimized to 0
FDR
		mcs_0/U0/iomodule_0/IOModule_Core_I1/intr_ctrl_I1/cipr_rd_dff_all[21].fdr_i
   optimized to 0
FDR
		mcs_0/U0/iomodule_0/IOModule_Core_I1/intr_ctrl_I1/cipr_rd_dff_all[22].fdr_i
   optimized to 0
FDR
		mcs_0/U0/iomodule_0/IOModule_Core_I1/intr_ctrl_I1/cipr_rd_dff_all[23].fdr_i
   optimized to 0
FDR
		mcs_0/U0/iomodule_0/IOModule_Core_I1/intr_ctrl_I1/cipr_rd_dff_all[24].fdr_i
   optimized to 0
FDR
		mcs_0/U0/iomodule_0/IOModule_Core_I1/intr_ctrl_I1/cipr_rd_dff_all[25].fdr_i
   optimized to 0
FDR
		mcs_0/U0/iomodule_0/IOModule_Core_I1/intr_ctrl_I1/cipr_rd_dff_all[26].fdr_i
   optimized to 0
FDR
		mcs_0/U0/iomodule_0/IOModule_Core_I1/intr_ctrl_I1/cipr_rd_dff_all[27].fdr_i
   optimized to 0
FDR
		mcs_0/U0/iomodule_0/IOModule_Core_I1/intr_ctrl_I1/cipr_rd_dff_all[28].fdr_i
   optimized to 0
FDR
		mcs_0/U0/iomodule_0/IOModule_Core_I1/intr_ctrl_I1/cipr_rd_dff_all[29].fdr_i
   optimized to 0
FDR 		mcs_0/U0/iomodule_0/IOModule_Core_I1/intr_ctrl_I1/cipr_rd_dff_all[2].fdr_i
   optimized to 0
FDR
		mcs_0/U0/iomodule_0/IOModule_Core_I1/intr_ctrl_I1/cipr_rd_dff_all[30].fdr_i
   optimized to 0
FDR
		mcs_0/U0/iomodule_0/IOModule_Core_I1/intr_ctrl_I1/cipr_rd_dff_all[31].fdr_i
   optimized to 0
FDR 		mcs_0/U0/iomodule_0/IOModule_Core_I1/intr_ctrl_I1/cipr_rd_dff_all[3].fdr_i
   optimized to 0
FDR 		mcs_0/U0/iomodule_0/IOModule_Core_I1/intr_ctrl_I1/cipr_rd_dff_all[4].fdr_i
   optimized to 0
FDR 		mcs_0/U0/iomodule_0/IOModule_Core_I1/intr_ctrl_I1/cipr_rd_dff_all[5].fdr_i
   optimized to 0
FDR 		mcs_0/U0/iomodule_0/IOModule_Core_I1/intr_ctrl_I1/cipr_rd_dff_all[6].fdr_i
   optimized to 0
FDR 		mcs_0/U0/iomodule_0/IOModule_Core_I1/intr_ctrl_I1/cipr_rd_dff_all[8].fdr_i
   optimized to 0
FDR 		mcs_0/U0/iomodule_0/IOModule_Core_I1/intr_ctrl_I1/cipr_rd_dff_all[9].fdr_i
   optimized to 0
LUT3
		mcs_0/U0/microblaze_I/MicroBlaze_Core_I/Area.Data_Flow_I/ALU_I/FPGA_Target.No_
Carry_Decoding.alu_carry_select_LUT
   optimized to 0
FDR 		mcs_0/U0/microblaze_I/MicroBlaze_Core_I/Area.Decode_I/Write_DIV_result
   optimized to 0
GND 		mcs_0/XST_GND
VCC 		mcs_0/XST_VCC

To enable printing of redundant blocks removed and signals merged, set the
detailed map report option and rerun map.

Section 6 - IOB Properties
--------------------------

+---------------------------------------------------------------------------------------------------------------------------------------------------------+
| IOB Name                           | Type             | Direction | IO Standard          | Diff  | Drive    | Slew | Reg (s)      | Resistor | IOB      |
|                                    |                  |           |                      | Term  | Strength | Rate |              |          | Delay    |
+---------------------------------------------------------------------------------------------------------------------------------------------------------+
| avr_rx                             | IOB              | OUTPUT    | LVCMOS25             |       | 12       | SLOW |              |          |          |
| avr_rx_busy                        | IOB              | INPUT     | LVCMOS25             |       |          |      |              |          |          |
| avr_tx                             | IOB              | INPUT     | LVCMOS25             |       |          |      |              |          |          |
| cclk                               | IOB              | INPUT     | LVCMOS25             |       |          |      |              |          |          |
| clk                                | IOB              | INPUT     | LVCMOS25             |       |          |      |              |          |          |
| i2c_scl                            | IOB              | OUTPUT    | I2C                  |       |          |      |              |          |          |
| i2c_sda                            | IOB              | OUTPUT    | I2C                  |       |          |      |              |          |          |
| led<0>                             | IOB              | OUTPUT    | LVCMOS25             |       | 12       | SLOW |              |          |          |
| led<1>                             | IOB              | OUTPUT    | LVCMOS25             |       | 12       | SLOW |              |          |          |
| led<2>                             | IOB              | OUTPUT    | LVCMOS25             |       | 12       | SLOW |              |          |          |
| led<3>                             | IOB              | OUTPUT    | LVCMOS25             |       | 12       | SLOW |              |          |          |
| led<4>                             | IOB              | OUTPUT    | LVCMOS25             |       | 12       | SLOW |              |          |          |
| led<5>                             | IOB              | OUTPUT    | LVCMOS25             |       | 12       | SLOW |              |          |          |
| led<6>                             | IOB              | OUTPUT    | LVCMOS25             |       | 12       | SLOW |              |          |          |
| led<7>                             | IOB              | OUTPUT    | LVCMOS25             |       | 12       | SLOW |              |          |          |
| rst_n                              | IOB              | INPUT     | LVCMOS25             |       |          |      |              |          |          |
| spi_channel<0>                     | IOB              | OUTPUT    | LVCMOS25             |       | 12       | SLOW |              |          |          |
| spi_channel<1>                     | IOB              | OUTPUT    | LVCMOS25             |       | 12       | SLOW |              |          |          |
| spi_channel<2>                     | IOB              | OUTPUT    | LVCMOS25             |       | 12       | SLOW |              |          |          |
| spi_channel<3>                     | IOB              | OUTPUT    | LVCMOS25             |       | 12       | SLOW |              |          |          |
| spi_miso                           | IOB              | OUTPUT    | LVCMOS25             |       | 12       | SLOW |              |          |          |
| spi_mosi                           | IOB              | INPUT     | LVCMOS25             |       |          |      |              |          |          |
| spi_sck                            | IOB              | INPUT     | LVCMOS25             |       |          |      |              |          |          |
| spi_ss                             | IOB              | INPUT     | LVCMOS25             |       |          |      |              |          |          |
+---------------------------------------------------------------------------------------------------------------------------------------------------------+

Section 7 - RPMs
----------------

Section 8 - Guide Report
------------------------
Guide not run on this design.

Section 9 - Area Group and Partition Summary
--------------------------------------------

Partition Implementation Status
-------------------------------

  No Partitions were found in this design.

-------------------------------

Area Group Information
----------------------

  No area groups were found in this design.

----------------------

Section 10 - Timing Report
--------------------------
A logic-level (pre-route) timing report can be generated by using Xilinx static
timing analysis tools, Timing Analyzer (GUI) or TRCE (command line), with the
mapped NCD and PCF files. Please note that this timing report will be generated
using estimated delay information. For accurate numbers, please generate a
timing report with the post Place and Route NCD file.

For more information about the Timing Analyzer, consult the Xilinx Timing
Analyzer Reference Manual; for more information about TRCE, consult the Xilinx
Command Line Tools User Guide "TRACE" chapter.

Section 11 - Configuration String Details
-----------------------------------------
Use the "-detail" map option to print out Configuration Strings

Section 12 - Control Set Information
------------------------------------
Use the "-detail" map option to print out Control Set Information.

Section 13 - Utilization by Hierarchy
-------------------------------------
Use the "-detail" map option to print out the Utilization by Hierarchy section.
