Command line:
   TbI2c_isim_beh.exe
     -simmode  gui
     -simrunnum  0
     -socket  61170

Fri Oct 07 13:50:34 2016


 Elaboration Time: 0.093601 sec

 Current Memory Usage: 663.519 Meg

 Total Signals          : 72
 Total Nets             : 250
 Total Signal Drivers   : 34
 Total Blocks           : 7
 Total Primitive Blocks : 5
 Total Processes        : 8
 Total Traceable Variables  : 14
 Total Scalar Nets and Variables : 632
Total Line Count : 191

 Total Simulation Time: 0.234002 sec

 Current Memory Usage: 663.519 Meg

Fri Oct 07 14:10:05 2016

